<?xml version="1.0" encoding="UTF-8"?>
<testsuite xmlns:xsi="http://www.w3.org/2001/XMLSchema-instance" xsi:noNamespaceSchemaLocation="https://maven.apache.org/surefire/maven-surefire-plugin/xsd/surefire-test-report-3.0.xsd" version="3.0" name="hello.controller.TopicControllerDiffblueTest" time="0.23" tests="7" errors="0" skipped="0" failures="0">
  <properties>
[...]
</properties>
  <testcase name="testDeleteTopic" classname="hello.controller.TopicControllerDiffblueTest" time="0.033">
    <system-out><![CDATA[20:10:12.201 [main] DEBUG org.springframework.test.context.BootstrapUtils - Instantiating CacheAwareContextLoaderDelegate from class [org.springframework.test.context.cache.DefaultCacheAwareContextLoaderDelegate]
20:10:12.201 [main] DEBUG org.springframework.test.context.BootstrapUtils - Instantiating BootstrapContext using constructor [public org.springframework.test.context.support.DefaultBootstrapContext(java.lang.Class,org.springframework.test.context.CacheAwareContextLoaderDelegate)]
20:10:12.201 [main] DEBUG org.springframework.test.context.BootstrapUtils - Instantiating TestContextBootstrapper for test class [hello.controller.TopicControllerDiffblueTest] from class [org.springframework.test.context.support.DefaultTestContextBootstrapper]
20:10:12.202 [main] DEBUG org.springframework.test.context.support.AbstractDelegatingSmartContextLoader - Delegating to AnnotationConfigContextLoader to process context configuration [ContextConfigurationAttributes@5ae1c281 declaringClass = 'hello.controller.TopicControllerDiffblueTest', classes = '{class hello.controller.TopicController}', locations = '{}', inheritLocations = true, initializers = '{}', inheritInitializers = true, name = [null], contextLoaderClass = 'org.springframework.test.context.ContextLoader'].
20:10:12.209 [main] DEBUG org.springframework.test.context.support.ActiveProfilesUtils - Could not find an 'annotation declaring class' for annotation type [org.springframework.test.context.ActiveProfiles] and class [hello.controller.TopicControllerDiffblueTest]
20:10:12.209 [main] DEBUG org.springframework.test.context.support.DefaultTestContextBootstrapper - @TestExecutionListeners is not present for class [hello.controller.TopicControllerDiffblueTest]: using defaults.
20:10:12.209 [main] INFO org.springframework.test.context.support.DefaultTestContextBootstrapper - Loaded default TestExecutionListener class names from location [META-INF/spring.factories]: [org.springframework.test.context.web.ServletTestExecutionListener, org.springframework.test.context.support.DirtiesContextBeforeModesTestExecutionListener, org.springframework.test.context.event.ApplicationEventsTestExecutionListener, org.springframework.test.context.support.DependencyInjectionTestExecutionListener, org.springframework.test.context.support.DirtiesContextTestExecutionListener, org.springframework.test.context.transaction.TransactionalTestExecutionListener, org.springframework.test.context.jdbc.SqlScriptsTestExecutionListener, org.springframework.test.context.event.EventPublishingTestExecutionListener, org.springframework.boot.test.mock.mockito.MockitoTestExecutionListener, org.springframework.boot.test.mock.mockito.ResetMocksTestExecutionListener]
20:10:12.210 [main] INFO org.springframework.test.context.support.DefaultTestContextBootstrapper - Using TestExecutionListeners: [org.springframework.test.context.web.ServletTestExecutionListener@4ac8768e, org.springframework.test.context.support.DirtiesContextBeforeModesTestExecutionListener@1e957e2f, org.springframework.test.context.event.ApplicationEventsTestExecutionListener@691500ab, org.springframework.boot.test.mock.mockito.MockitoTestExecutionListener@3db432c2, org.springframework.test.context.support.DependencyInjectionTestExecutionListener@34414ffc, org.springframework.test.context.support.DirtiesContextTestExecutionListener@1903b5d, org.springframework.test.context.transaction.TransactionalTestExecutionListener@4041739c, org.springframework.test.context.jdbc.SqlScriptsTestExecutionListener@5cff6b74, org.springframework.test.context.event.EventPublishingTestExecutionListener@627ff1b8, org.springframework.boot.test.mock.mockito.ResetMocksTestExecutionListener@62b57479]
20:10:12.210 [main] DEBUG org.springframework.test.context.support.AbstractDirtiesContextTestExecutionListener - Before test class: context [DefaultTestContext@29a33620 testClass = TopicControllerDiffblueTest, testInstance = [null], testMethod = [null], testException = [null], mergedContextConfiguration = [MergedContextConfiguration@ea04cab testClass = TopicControllerDiffblueTest, locations = '{}', classes = '{class hello.controller.TopicController}', contextInitializerClasses = '[]', activeProfiles = '{}', propertySourceLocations = '{}', propertySourceProperties = '{}', contextCustomizers = set[org.springframework.boot.test.context.filter.ExcludeFilterContextCustomizer@4078695f, org.springframework.boot.test.json.DuplicateJsonObjectContextCustomizerFactory$DuplicateJsonObjectContextCustomizer@3005db4a, org.springframework.boot.test.mock.mockito.MockitoContextCustomizer@175bd071], contextLoader = 'org.springframework.test.context.support.DelegatingSmartContextLoader', parent = [null]], attributes = map[[empty]]], class annotated with @DirtiesContext [false] with mode [null].
20:10:12.211 [main] DEBUG org.springframework.test.context.support.AbstractDelegatingSmartContextLoader - Delegating to AnnotationConfigContextLoader to load context from [MergedContextConfiguration@ea04cab testClass = TopicControllerDiffblueTest, locations = '{}', classes = '{class hello.controller.TopicController}', contextInitializerClasses = '[]', activeProfiles = '{}', propertySourceLocations = '{}', propertySourceProperties = '{}', contextCustomizers = set[org.springframework.boot.test.context.filter.ExcludeFilterContextCustomizer@4078695f, org.springframework.boot.test.json.DuplicateJsonObjectContextCustomizerFactory$DuplicateJsonObjectContextCustomizer@3005db4a, org.springframework.boot.test.mock.mockito.MockitoContextCustomizer@175bd071], contextLoader = 'org.springframework.test.context.support.DelegatingSmartContextLoader', parent = [null]].
20:10:12.211 [main] DEBUG org.springframework.test.context.support.AbstractGenericContextLoader - Loading ApplicationContext for merged context configuration [[MergedContextConfiguration@ea04cab testClass = TopicControllerDiffblueTest, locations = '{}', classes = '{class hello.controller.TopicController}', contextInitializerClasses = '[]', activeProfiles = '{}', propertySourceLocations = '{}', propertySourceProperties = '{}', contextCustomizers = set[org.springframework.boot.test.context.filter.ExcludeFilterContextCustomizer@4078695f, org.springframework.boot.test.json.DuplicateJsonObjectContextCustomizerFactory$DuplicateJsonObjectContextCustomizer@3005db4a, org.springframework.boot.test.mock.mockito.MockitoContextCustomizer@175bd071], contextLoader = 'org.springframework.test.context.support.DelegatingSmartContextLoader', parent = [null]]].
20:10:12.211 [main] DEBUG org.springframework.core.env.StandardEnvironment - Activating profiles []
20:10:12.211 [main] DEBUG org.springframework.test.context.support.AnnotationConfigContextLoader - Registering component classes: {class hello.controller.TopicController}
20:10:12.214 [main] DEBUG org.springframework.context.support.GenericApplicationContext - Refreshing org.springframework.context.support.GenericApplicationContext@134f8ef6
20:10:12.215 [main] DEBUG org.springframework.beans.factory.support.DefaultListableBeanFactory - Creating shared instance of singleton bean 'org.springframework.context.annotation.internalConfigurationAnnotationProcessor'
20:10:12.227 [main] DEBUG org.springframework.beans.factory.support.DefaultListableBeanFactory - Creating shared instance of singleton bean 'org.springframework.boot.test.mock.mockito.MockitoPostProcessor'
20:10:12.228 [main] DEBUG org.springframework.beans.factory.support.DefaultListableBeanFactory - Creating shared instance of singleton bean 'org.springframework.context.event.internalEventListenerProcessor'
20:10:12.228 [main] DEBUG org.springframework.beans.factory.support.DefaultListableBeanFactory - Creating shared instance of singleton bean 'org.springframework.context.event.internalEventListenerFactory'
20:10:12.230 [main] DEBUG org.springframework.beans.factory.support.DefaultListableBeanFactory - Creating shared instance of singleton bean 'org.springframework.context.annotation.internalAutowiredAnnotationProcessor'
20:10:12.231 [main] DEBUG org.springframework.beans.factory.support.DefaultListableBeanFactory - Creating shared instance of singleton bean 'org.springframework.context.annotation.internalCommonAnnotationProcessor'
20:10:12.231 [main] DEBUG org.springframework.beans.factory.support.DefaultListableBeanFactory - Creating shared instance of singleton bean 'org.springframework.boot.test.mock.mockito.MockitoPostProcessor$SpyPostProcessor'
20:10:12.231 [main] DEBUG org.springframework.beans.factory.support.DefaultListableBeanFactory - Creating shared instance of singleton bean 'topicController'
20:10:12.236 [main] DEBUG org.springframework.test.context.cache.DefaultCacheAwareContextLoaderDelegate - Storing ApplicationContext [323981046] in cache under key [[MergedContextConfiguration@ea04cab testClass = TopicControllerDiffblueTest, locations = '{}', classes = '{class hello.controller.TopicController}', contextInitializerClasses = '[]', activeProfiles = '{}', propertySourceLocations = '{}', propertySourceProperties = '{}', contextCustomizers = set[org.springframework.boot.test.context.filter.ExcludeFilterContextCustomizer@4078695f, org.springframework.boot.test.json.DuplicateJsonObjectContextCustomizerFactory$DuplicateJsonObjectContextCustomizer@3005db4a, org.springframework.boot.test.mock.mockito.MockitoContextCustomizer@175bd071], contextLoader = 'org.springframework.test.context.support.DelegatingSmartContextLoader', parent = [null]]]
20:10:12.236 [main] DEBUG org.springframework.test.context.cache - Spring test ApplicationContext cache statistics: [DefaultContextCache@3b2f4a93 size = 2, maxSize = 32, parentContextCount = 0, hitCount = 172, missCount = 24]
20:10:12.238 [main] DEBUG org.springframework.test.context.support.DependencyInjectionTestExecutionListener - Performing dependency injection for test context [[DefaultTestContext@29a33620 testClass = TopicControllerDiffblueTest, testInstance = hello.controller.TopicControllerDiffblueTest@4cb957b8, testMethod = [null], testException = [null], mergedContextConfiguration = [MergedContextConfiguration@ea04cab testClass = TopicControllerDiffblueTest, locations = '{}', classes = '{class hello.controller.TopicController}', contextInitializerClasses = '[]', activeProfiles = '{}', propertySourceLocations = '{}', propertySourceProperties = '{}', contextCustomizers = set[org.springframework.boot.test.context.filter.ExcludeFilterContextCustomizer@4078695f, org.springframework.boot.test.json.DuplicateJsonObjectContextCustomizerFactory$DuplicateJsonObjectContextCustomizer@3005db4a, org.springframework.boot.test.mock.mockito.MockitoContextCustomizer@175bd071], contextLoader = 'org.springframework.test.context.support.DelegatingSmartContextLoader', parent = [null]], attributes = map['org.springframework.test.context.event.ApplicationEventsTestExecutionListener.recordApplicationEvents' -> false]]].
20:10:12.238 [main] DEBUG org.springframework.test.context.cache.DefaultCacheAwareContextLoaderDelegate - Retrieved ApplicationContext [323981046] from cache with key [[MergedContextConfiguration@ea04cab testClass = TopicControllerDiffblueTest, locations = '{}', classes = '{class hello.controller.TopicController}', contextInitializerClasses = '[]', activeProfiles = '{}', propertySourceLocations = '{}', propertySourceProperties = '{}', contextCustomizers = set[org.springframework.boot.test.context.filter.ExcludeFilterContextCustomizer@4078695f, org.springframework.boot.test.json.DuplicateJsonObjectContextCustomizerFactory$DuplicateJsonObjectContextCustomizer@3005db4a, org.springframework.boot.test.mock.mockito.MockitoContextCustomizer@175bd071], contextLoader = 'org.springframework.test.context.support.DelegatingSmartContextLoader', parent = [null]]]
20:10:12.238 [main] DEBUG org.springframework.test.context.cache - Spring test ApplicationContext cache statistics: [DefaultContextCache@3b2f4a93 size = 2, maxSize = 32, parentContextCount = 0, hitCount = 173, missCount = 24]
20:10:12.240 [main] DEBUG org.springframework.test.context.cache.DefaultCacheAwareContextLoaderDelegate - Retrieved ApplicationContext [323981046] from cache with key [[MergedContextConfiguration@ea04cab testClass = TopicControllerDiffblueTest, locations = '{}', classes = '{class hello.controller.TopicController}', contextInitializerClasses = '[]', activeProfiles = '{}', propertySourceLocations = '{}', propertySourceProperties = '{}', contextCustomizers = set[org.springframework.boot.test.context.filter.ExcludeFilterContextCustomizer@4078695f, org.springframework.boot.test.json.DuplicateJsonObjectContextCustomizerFactory$DuplicateJsonObjectContextCustomizer@3005db4a, org.springframework.boot.test.mock.mockito.MockitoContextCustomizer@175bd071], contextLoader = 'org.springframework.test.context.support.DelegatingSmartContextLoader', parent = [null]]]
20:10:12.240 [main] DEBUG org.springframework.test.context.cache - Spring test ApplicationContext cache statistics: [DefaultContextCache@3b2f4a93 size = 2, maxSize = 32, parentContextCount = 0, hitCount = 174, missCount = 24]
20:10:12.242 [main] DEBUG org.springframework.test.context.support.AbstractDirtiesContextTestExecutionListener - Before test method: context [DefaultTestContext@29a33620 testClass = TopicControllerDiffblueTest, testInstance = hello.controller.TopicControllerDiffblueTest@4cb957b8, testMethod = testDeleteTopic@TopicControllerDiffblueTest, testException = [null], mergedContextConfiguration = [MergedContextConfiguration@ea04cab testClass = TopicControllerDiffblueTest, locations = '{}', classes = '{class hello.controller.TopicController}', contextInitializerClasses = '[]', activeProfiles = '{}', propertySourceLocations = '{}', propertySourceProperties = '{}', contextCustomizers = set[org.springframework.boot.test.context.filter.ExcludeFilterContextCustomizer@4078695f, org.springframework.boot.test.json.DuplicateJsonObjectContextCustomizerFactory$DuplicateJsonObjectContextCustomizer@3005db4a, org.springframework.boot.test.mock.mockito.MockitoContextCustomizer@175bd071], contextLoader = 'org.springframework.test.context.support.DelegatingSmartContextLoader', parent = [null]], attributes = map['org.springframework.test.context.event.ApplicationEventsTestExecutionListener.recordApplicationEvents' -> false]], class annotated with @DirtiesContext [false] with mode [null], method annotated with @DirtiesContext [false] with mode [null].
20:10:12.244 [main] DEBUG org.springframework.test.context.cache.DefaultCacheAwareContextLoaderDelegate - Retrieved ApplicationContext [323981046] from cache with key [[MergedContextConfiguration@ea04cab testClass = TopicControllerDiffblueTest, locations = '{}', classes = '{class hello.controller.TopicController}', contextInitializerClasses = '[]', activeProfiles = '{}', propertySourceLocations = '{}', propertySourceProperties = '{}', contextCustomizers = set[org.springframework.boot.test.context.filter.ExcludeFilterContextCustomizer@4078695f, org.springframework.boot.test.json.DuplicateJsonObjectContextCustomizerFactory$DuplicateJsonObjectContextCustomizer@3005db4a, org.springframework.boot.test.mock.mockito.MockitoContextCustomizer@175bd071], contextLoader = 'org.springframework.test.context.support.DelegatingSmartContextLoader', parent = [null]]]
20:10:12.244 [main] DEBUG org.springframework.test.context.cache - Spring test ApplicationContext cache statistics: [DefaultContextCache@3b2f4a93 size = 2, maxSize = 32, parentContextCount = 0, hitCount = 175, missCount = 24]
20:10:12.245 [main] DEBUG org.springframework.test.context.cache.DefaultCacheAwareContextLoaderDelegate - Retrieved ApplicationContext [323981046] from cache with key [[MergedContextConfiguration@ea04cab testClass = TopicControllerDiffblueTest, locations = '{}', classes = '{class hello.controller.TopicController}', contextInitializerClasses = '[]', activeProfiles = '{}', propertySourceLocations = '{}', propertySourceProperties = '{}', contextCustomizers = set[org.springframework.boot.test.context.filter.ExcludeFilterContextCustomizer@4078695f, org.springframework.boot.test.json.DuplicateJsonObjectContextCustomizerFactory$DuplicateJsonObjectContextCustomizer@3005db4a, org.springframework.boot.test.mock.mockito.MockitoContextCustomizer@175bd071], contextLoader = 'org.springframework.test.context.support.DelegatingSmartContextLoader', parent = [null]]]
20:10:12.245 [main] DEBUG org.springframework.test.context.cache - Spring test ApplicationContext cache statistics: [DefaultContextCache@3b2f4a93 size = 2, maxSize = 32, parentContextCount = 0, hitCount = 176, missCount = 24]
20:10:12.245 [main] DEBUG org.springframework.test.context.cache.DefaultCacheAwareContextLoaderDelegate - Retrieved ApplicationContext [323981046] from cache with key [[MergedContextConfiguration@ea04cab testClass = TopicControllerDiffblueTest, locations = '{}', classes = '{class hello.controller.TopicController}', contextInitializerClasses = '[]', activeProfiles = '{}', propertySourceLocations = '{}', propertySourceProperties = '{}', contextCustomizers = set[org.springframework.boot.test.context.filter.ExcludeFilterContextCustomizer@4078695f, org.springframework.boot.test.json.DuplicateJsonObjectContextCustomizerFactory$DuplicateJsonObjectContextCustomizer@3005db4a, org.springframework.boot.test.mock.mockito.MockitoContextCustomizer@175bd071], contextLoader = 'org.springframework.test.context.support.DelegatingSmartContextLoader', parent = [null]]]
20:10:12.245 [main] DEBUG org.springframework.test.context.cache - Spring test ApplicationContext cache statistics: [DefaultContextCache@3b2f4a93 size = 2, maxSize = 32, parentContextCount = 0, hitCount = 177, missCount = 24]
20:10:12.256 [main] DEBUG _org.springframework.web.servlet.HandlerMapping.Mappings - 
	h.c.TopicController:
	{ [/topic]}: getAllTopics()
	{POST [/topic]}: addTopic(Topic)
	{PUT [/topic/{id}]}: updateTopic(String,Topic)
	{DELETE [/topic/{id}]}: deleteTopic(String)
	{ [/topic/minimum/length/{minLength}]}: filterMinimumLengthForId(Integer)
	{ [/topic/sort]}: sortTopicsWithID()
	{ [/topic/{id}]}: getTopicWithID(String)
20:10:12.257 [main] DEBUG org.springframework.web.servlet.mvc.method.annotation.RequestMappingHandlerMapping - 7 mappings in org.springframework.web.servlet.mvc.method.annotation.RequestMappingHandlerMapping
20:10:12.259 [main] DEBUG org.springframework.web.servlet.mvc.method.annotation.RequestMappingHandlerAdapter - ControllerAdvice beans: 0 @ModelAttribute, 0 @InitBinder, 1 RequestBodyAdvice, 1 ResponseBodyAdvice
20:10:12.262 [main] DEBUG org.springframework.web.servlet.mvc.method.annotation.ExceptionHandlerExceptionResolver - ControllerAdvice beans: 0 @ExceptionHandler, 1 ResponseBodyAdvice
20:10:12.262 [main] INFO org.springframework.mock.web.MockServletContext - Initializing Spring TestDispatcherServlet ''
20:10:12.262 [main] INFO org.springframework.test.web.servlet.TestDispatcherServlet - Initializing Servlet ''
20:10:12.262 [main] DEBUG org.springframework.test.web.servlet.TestDispatcherServlet - Detected AcceptHeaderLocaleResolver
20:10:12.262 [main] DEBUG org.springframework.test.web.servlet.TestDispatcherServlet - Detected FixedThemeResolver
20:10:12.262 [main] DEBUG org.springframework.test.web.servlet.TestDispatcherServlet - Detected org.springframework.web.servlet.view.DefaultRequestToViewNameTranslator@545b5ed0
20:10:12.262 [main] DEBUG org.springframework.test.web.servlet.TestDispatcherServlet - Detected org.springframework.web.servlet.support.SessionFlashMapManager@5a7df831
20:10:12.262 [main] DEBUG org.springframework.test.web.servlet.TestDispatcherServlet - enableLoggingRequestDetails='false': request parameters and headers will be masked to prevent unsafe logging of potentially sensitive data
20:10:12.262 [main] INFO org.springframework.test.web.servlet.TestDispatcherServlet - Completed initialization in 0 ms
20:10:12.262 [main] DEBUG org.springframework.test.web.servlet.TestDispatcherServlet - DELETE "/topic/42", parameters={}
20:10:12.266 [main] DEBUG org.springframework.web.servlet.mvc.method.annotation.RequestMappingHandlerMapping - Mapped to hello.controller.TopicController#deleteTopic(String)
20:10:12.272 [main] DEBUG org.springframework.web.servlet.mvc.method.annotation.RequestResponseBodyMethodProcessor - Using 'application/json', given [*/*] and supported [application/json, application/*+json]
20:10:12.272 [main] DEBUG org.springframework.web.servlet.mvc.method.annotation.RequestResponseBodyMethodProcessor - Nothing to write: null body
20:10:12.272 [main] DEBUG org.springframework.test.web.servlet.TestDispatcherServlet - Completed 200 OK
20:10:12.273 [main] DEBUG org.springframework.test.context.cache.DefaultCacheAwareContextLoaderDelegate - Retrieved ApplicationContext [323981046] from cache with key [[MergedContextConfiguration@ea04cab testClass = TopicControllerDiffblueTest, locations = '{}', classes = '{class hello.controller.TopicController}', contextInitializerClasses = '[]', activeProfiles = '{}', propertySourceLocations = '{}', propertySourceProperties = '{}', contextCustomizers = set[org.springframework.boot.test.context.filter.ExcludeFilterContextCustomizer@4078695f, org.springframework.boot.test.json.DuplicateJsonObjectContextCustomizerFactory$DuplicateJsonObjectContextCustomizer@3005db4a, org.springframework.boot.test.mock.mockito.MockitoContextCustomizer@175bd071], contextLoader = 'org.springframework.test.context.support.DelegatingSmartContextLoader', parent = [null]]]
20:10:12.273 [main] DEBUG org.springframework.test.context.cache - Spring test ApplicationContext cache statistics: [DefaultContextCache@3b2f4a93 size = 2, maxSize = 32, parentContextCount = 0, hitCount = 178, missCount = 24]
20:10:12.273 [main] DEBUG org.springframework.test.context.cache.DefaultCacheAwareContextLoaderDelegate - Retrieved ApplicationContext [323981046] from cache with key [[MergedContextConfiguration@ea04cab testClass = TopicControllerDiffblueTest, locations = '{}', classes = '{class hello.controller.TopicController}', contextInitializerClasses = '[]', activeProfiles = '{}', propertySourceLocations = '{}', propertySourceProperties = '{}', contextCustomizers = set[org.springframework.boot.test.context.filter.ExcludeFilterContextCustomizer@4078695f, org.springframework.boot.test.json.DuplicateJsonObjectContextCustomizerFactory$DuplicateJsonObjectContextCustomizer@3005db4a, org.springframework.boot.test.mock.mockito.MockitoContextCustomizer@175bd071], contextLoader = 'org.springframework.test.context.support.DelegatingSmartContextLoader', parent = [null]]]
20:10:12.273 [main] DEBUG org.springframework.test.context.cache - Spring test ApplicationContext cache statistics: [DefaultContextCache@3b2f4a93 size = 2, maxSize = 32, parentContextCount = 0, hitCount = 179, missCount = 24]
20:10:12.273 [main] DEBUG org.springframework.test.context.cache.DefaultCacheAwareContextLoaderDelegate - Retrieved ApplicationContext [323981046] from cache with key [[MergedContextConfiguration@ea04cab testClass = TopicControllerDiffblueTest, locations = '{}', classes = '{class hello.controller.TopicController}', contextInitializerClasses = '[]', activeProfiles = '{}', propertySourceLocations = '{}', propertySourceProperties = '{}', contextCustomizers = set[org.springframework.boot.test.context.filter.ExcludeFilterContextCustomizer@4078695f, org.springframework.boot.test.json.DuplicateJsonObjectContextCustomizerFactory$DuplicateJsonObjectContextCustomizer@3005db4a, org.springframework.boot.test.mock.mockito.MockitoContextCustomizer@175bd071], contextLoader = 'org.springframework.test.context.support.DelegatingSmartContextLoader', parent = [null]]]
20:10:12.273 [main] DEBUG org.springframework.test.context.cache - Spring test ApplicationContext cache statistics: [DefaultContextCache@3b2f4a93 size = 2, maxSize = 32, parentContextCount = 0, hitCount = 180, missCount = 24]
20:10:12.274 [main] DEBUG org.springframework.test.context.support.AbstractDirtiesContextTestExecutionListener - After test method: context [DefaultTestContext@29a33620 testClass = TopicControllerDiffblueTest, testInstance = hello.controller.TopicControllerDiffblueTest@4cb957b8, testMethod = testDeleteTopic@TopicControllerDiffblueTest, testException = [null], mergedContextConfiguration = [MergedContextConfiguration@ea04cab testClass = TopicControllerDiffblueTest, locations = '{}', classes = '{class hello.controller.TopicController}', contextInitializerClasses = '[]', activeProfiles = '{}', propertySourceLocations = '{}', propertySourceProperties = '{}', contextCustomizers = set[org.springframework.boot.test.context.filter.ExcludeFilterContextCustomizer@4078695f, org.springframework.boot.test.json.DuplicateJsonObjectContextCustomizerFactory$DuplicateJsonObjectContextCustomizer@3005db4a, org.springframework.boot.test.mock.mockito.MockitoContextCustomizer@175bd071], contextLoader = 'org.springframework.test.context.support.DelegatingSmartContextLoader', parent = [null]], attributes = map['org.springframework.test.context.event.ApplicationEventsTestExecutionListener.recordApplicationEvents' -> false]], class annotated with @DirtiesContext [false] with mode [null], method annotated with @DirtiesContext [false] with mode [null].
]]></system-out>
  </testcase>
  <testcase name="testUpdateTopic" classname="hello.controller.TopicControllerDiffblueTest" time="0.063">
    <system-out><![CDATA[20:10:12.276 [main] DEBUG org.springframework.test.context.cache.DefaultCacheAwareContextLoaderDelegate - Retrieved ApplicationContext [323981046] from cache with key [[MergedContextConfiguration@ea04cab testClass = TopicControllerDiffblueTest, locations = '{}', classes = '{class hello.controller.TopicController}', contextInitializerClasses = '[]', activeProfiles = '{}', propertySourceLocations = '{}', propertySourceProperties = '{}', contextCustomizers = set[org.springframework.boot.test.context.filter.ExcludeFilterContextCustomizer@4078695f, org.springframework.boot.test.json.DuplicateJsonObjectContextCustomizerFactory$DuplicateJsonObjectContextCustomizer@3005db4a, org.springframework.boot.test.mock.mockito.MockitoContextCustomizer@175bd071], contextLoader = 'org.springframework.test.context.support.DelegatingSmartContextLoader', parent = [null]]]
20:10:12.276 [main] DEBUG org.springframework.test.context.cache - Spring test ApplicationContext cache statistics: [DefaultContextCache@3b2f4a93 size = 2, maxSize = 32, parentContextCount = 0, hitCount = 181, missCount = 24]
20:10:12.276 [main] DEBUG org.springframework.test.context.support.DependencyInjectionTestExecutionListener - Performing dependency injection for test context [[DefaultTestContext@29a33620 testClass = TopicControllerDiffblueTest, testInstance = hello.controller.TopicControllerDiffblueTest@5fcd1f0a, testMethod = [null], testException = [null], mergedContextConfiguration = [MergedContextConfiguration@ea04cab testClass = TopicControllerDiffblueTest, locations = '{}', classes = '{class hello.controller.TopicController}', contextInitializerClasses = '[]', activeProfiles = '{}', propertySourceLocations = '{}', propertySourceProperties = '{}', contextCustomizers = set[org.springframework.boot.test.context.filter.ExcludeFilterContextCustomizer@4078695f, org.springframework.boot.test.json.DuplicateJsonObjectContextCustomizerFactory$DuplicateJsonObjectContextCustomizer@3005db4a, org.springframework.boot.test.mock.mockito.MockitoContextCustomizer@175bd071], contextLoader = 'org.springframework.test.context.support.DelegatingSmartContextLoader', parent = [null]], attributes = map['org.springframework.test.context.event.ApplicationEventsTestExecutionListener.recordApplicationEvents' -> false]]].
20:10:12.276 [main] DEBUG org.springframework.test.context.cache.DefaultCacheAwareContextLoaderDelegate - Retrieved ApplicationContext [323981046] from cache with key [[MergedContextConfiguration@ea04cab testClass = TopicControllerDiffblueTest, locations = '{}', classes = '{class hello.controller.TopicController}', contextInitializerClasses = '[]', activeProfiles = '{}', propertySourceLocations = '{}', propertySourceProperties = '{}', contextCustomizers = set[org.springframework.boot.test.context.filter.ExcludeFilterContextCustomizer@4078695f, org.springframework.boot.test.json.DuplicateJsonObjectContextCustomizerFactory$DuplicateJsonObjectContextCustomizer@3005db4a, org.springframework.boot.test.mock.mockito.MockitoContextCustomizer@175bd071], contextLoader = 'org.springframework.test.context.support.DelegatingSmartContextLoader', parent = [null]]]
20:10:12.276 [main] DEBUG org.springframework.test.context.cache - Spring test ApplicationContext cache statistics: [DefaultContextCache@3b2f4a93 size = 2, maxSize = 32, parentContextCount = 0, hitCount = 182, missCount = 24]
20:10:12.276 [main] DEBUG org.springframework.test.context.cache.DefaultCacheAwareContextLoaderDelegate - Retrieved ApplicationContext [323981046] from cache with key [[MergedContextConfiguration@ea04cab testClass = TopicControllerDiffblueTest, locations = '{}', classes = '{class hello.controller.TopicController}', contextInitializerClasses = '[]', activeProfiles = '{}', propertySourceLocations = '{}', propertySourceProperties = '{}', contextCustomizers = set[org.springframework.boot.test.context.filter.ExcludeFilterContextCustomizer@4078695f, org.springframework.boot.test.json.DuplicateJsonObjectContextCustomizerFactory$DuplicateJsonObjectContextCustomizer@3005db4a, org.springframework.boot.test.mock.mockito.MockitoContextCustomizer@175bd071], contextLoader = 'org.springframework.test.context.support.DelegatingSmartContextLoader', parent = [null]]]
20:10:12.276 [main] DEBUG org.springframework.test.context.cache - Spring test ApplicationContext cache statistics: [DefaultContextCache@3b2f4a93 size = 2, maxSize = 32, parentContextCount = 0, hitCount = 183, missCount = 24]
20:10:12.278 [main] DEBUG org.springframework.test.context.support.AbstractDirtiesContextTestExecutionListener - Before test method: context [DefaultTestContext@29a33620 testClass = TopicControllerDiffblueTest, testInstance = hello.controller.TopicControllerDiffblueTest@5fcd1f0a, testMethod = testUpdateTopic@TopicControllerDiffblueTest, testException = [null], mergedContextConfiguration = [MergedContextConfiguration@ea04cab testClass = TopicControllerDiffblueTest, locations = '{}', classes = '{class hello.controller.TopicController}', contextInitializerClasses = '[]', activeProfiles = '{}', propertySourceLocations = '{}', propertySourceProperties = '{}', contextCustomizers = set[org.springframework.boot.test.context.filter.ExcludeFilterContextCustomizer@4078695f, org.springframework.boot.test.json.DuplicateJsonObjectContextCustomizerFactory$DuplicateJsonObjectContextCustomizer@3005db4a, org.springframework.boot.test.mock.mockito.MockitoContextCustomizer@175bd071], contextLoader = 'org.springframework.test.context.support.DelegatingSmartContextLoader', parent = [null]], attributes = map['org.springframework.test.context.event.ApplicationEventsTestExecutionListener.recordApplicationEvents' -> false]], class annotated with @DirtiesContext [false] with mode [null], method annotated with @DirtiesContext [false] with mode [null].
20:10:12.278 [main] DEBUG org.springframework.test.context.cache.DefaultCacheAwareContextLoaderDelegate - Retrieved ApplicationContext [323981046] from cache with key [[MergedContextConfiguration@ea04cab testClass = TopicControllerDiffblueTest, locations = '{}', classes = '{class hello.controller.TopicController}', contextInitializerClasses = '[]', activeProfiles = '{}', propertySourceLocations = '{}', propertySourceProperties = '{}', contextCustomizers = set[org.springframework.boot.test.context.filter.ExcludeFilterContextCustomizer@4078695f, org.springframework.boot.test.json.DuplicateJsonObjectContextCustomizerFactory$DuplicateJsonObjectContextCustomizer@3005db4a, org.springframework.boot.test.mock.mockito.MockitoContextCustomizer@175bd071], contextLoader = 'org.springframework.test.context.support.DelegatingSmartContextLoader', parent = [null]]]
20:10:12.278 [main] DEBUG org.springframework.test.context.cache - Spring test ApplicationContext cache statistics: [DefaultContextCache@3b2f4a93 size = 2, maxSize = 32, parentContextCount = 0, hitCount = 184, missCount = 24]
20:10:12.278 [main] DEBUG org.springframework.test.context.cache.DefaultCacheAwareContextLoaderDelegate - Retrieved ApplicationContext [323981046] from cache with key [[MergedContextConfiguration@ea04cab testClass = TopicControllerDiffblueTest, locations = '{}', classes = '{class hello.controller.TopicController}', contextInitializerClasses = '[]', activeProfiles = '{}', propertySourceLocations = '{}', propertySourceProperties = '{}', contextCustomizers = set[org.springframework.boot.test.context.filter.ExcludeFilterContextCustomizer@4078695f, org.springframework.boot.test.json.DuplicateJsonObjectContextCustomizerFactory$DuplicateJsonObjectContextCustomizer@3005db4a, org.springframework.boot.test.mock.mockito.MockitoContextCustomizer@175bd071], contextLoader = 'org.springframework.test.context.support.DelegatingSmartContextLoader', parent = [null]]]
20:10:12.278 [main] DEBUG org.springframework.test.context.cache - Spring test ApplicationContext cache statistics: [DefaultContextCache@3b2f4a93 size = 2, maxSize = 32, parentContextCount = 0, hitCount = 185, missCount = 24]
20:10:12.278 [main] DEBUG org.springframework.test.context.cache.DefaultCacheAwareContextLoaderDelegate - Retrieved ApplicationContext [323981046] from cache with key [[MergedContextConfiguration@ea04cab testClass = TopicControllerDiffblueTest, locations = '{}', classes = '{class hello.controller.TopicController}', contextInitializerClasses = '[]', activeProfiles = '{}', propertySourceLocations = '{}', propertySourceProperties = '{}', contextCustomizers = set[org.springframework.boot.test.context.filter.ExcludeFilterContextCustomizer@4078695f, org.springframework.boot.test.json.DuplicateJsonObjectContextCustomizerFactory$DuplicateJsonObjectContextCustomizer@3005db4a, org.springframework.boot.test.mock.mockito.MockitoContextCustomizer@175bd071], contextLoader = 'org.springframework.test.context.support.DelegatingSmartContextLoader', parent = [null]]]
20:10:12.278 [main] DEBUG org.springframework.test.context.cache - Spring test ApplicationContext cache statistics: [DefaultContextCache@3b2f4a93 size = 2, maxSize = 32, parentContextCount = 0, hitCount = 186, missCount = 24]
20:10:12.294 [main] DEBUG _org.springframework.web.servlet.HandlerMapping.Mappings - 
	h.c.TopicController:
	{ [/topic]}: getAllTopics()
	{POST [/topic]}: addTopic(Topic)
	{PUT [/topic/{id}]}: updateTopic(String,Topic)
	{DELETE [/topic/{id}]}: deleteTopic(String)
	{ [/topic/minimum/length/{minLength}]}: filterMinimumLengthForId(Integer)
	{ [/topic/sort]}: sortTopicsWithID()
	{ [/topic/{id}]}: getTopicWithID(String)
20:10:12.295 [main] DEBUG org.springframework.web.servlet.mvc.method.annotation.RequestMappingHandlerMapping - 7 mappings in org.springframework.web.servlet.mvc.method.annotation.RequestMappingHandlerMapping
20:10:12.299 [main] DEBUG org.springframework.web.servlet.mvc.method.annotation.RequestMappingHandlerAdapter - ControllerAdvice beans: 0 @ModelAttribute, 0 @InitBinder, 1 RequestBodyAdvice, 1 ResponseBodyAdvice
20:10:12.302 [main] DEBUG org.springframework.web.servlet.mvc.method.annotation.ExceptionHandlerExceptionResolver - ControllerAdvice beans: 0 @ExceptionHandler, 1 ResponseBodyAdvice
20:10:12.302 [main] INFO org.springframework.mock.web.MockServletContext - Initializing Spring TestDispatcherServlet ''
20:10:12.302 [main] INFO org.springframework.test.web.servlet.TestDispatcherServlet - Initializing Servlet ''
20:10:12.302 [main] DEBUG org.springframework.test.web.servlet.TestDispatcherServlet - Detected AcceptHeaderLocaleResolver
20:10:12.302 [main] DEBUG org.springframework.test.web.servlet.TestDispatcherServlet - Detected FixedThemeResolver
20:10:12.302 [main] DEBUG org.springframework.test.web.servlet.TestDispatcherServlet - Detected org.springframework.web.servlet.view.DefaultRequestToViewNameTranslator@1f9d4b0e
20:10:12.302 [main] DEBUG org.springframework.test.web.servlet.TestDispatcherServlet - Detected org.springframework.web.servlet.support.SessionFlashMapManager@1e8fb66f
20:10:12.302 [main] DEBUG org.springframework.test.web.servlet.TestDispatcherServlet - enableLoggingRequestDetails='false': request parameters and headers will be masked to prevent unsafe logging of potentially sensitive data
20:10:12.302 [main] INFO org.springframework.test.web.servlet.TestDispatcherServlet - Completed initialization in 0 ms
20:10:12.302 [main] DEBUG org.springframework.test.web.servlet.TestDispatcherServlet - PUT "/topic/42", parameters={}
20:10:12.303 [main] DEBUG org.springframework.web.servlet.mvc.method.annotation.RequestMappingHandlerMapping - Mapped to hello.controller.TopicController#updateTopic(String, Topic)
20:10:12.333 [main] DEBUG org.springframework.web.servlet.mvc.method.annotation.RequestResponseBodyMethodProcessor - Read "application/json" to [hello.model.Topic@581b1c08]
20:10:12.337 [main] DEBUG org.springframework.web.servlet.mvc.method.annotation.RequestResponseBodyMethodProcessor - Using 'application/json', given [*/*] and supported [application/json, application/*+json]
20:10:12.337 [main] DEBUG org.springframework.web.servlet.mvc.method.annotation.RequestResponseBodyMethodProcessor - Nothing to write: null body
20:10:12.338 [main] DEBUG org.springframework.test.web.servlet.TestDispatcherServlet - Completed 200 OK
20:10:12.338 [main] DEBUG org.springframework.test.context.cache.DefaultCacheAwareContextLoaderDelegate - Retrieved ApplicationContext [323981046] from cache with key [[MergedContextConfiguration@ea04cab testClass = TopicControllerDiffblueTest, locations = '{}', classes = '{class hello.controller.TopicController}', contextInitializerClasses = '[]', activeProfiles = '{}', propertySourceLocations = '{}', propertySourceProperties = '{}', contextCustomizers = set[org.springframework.boot.test.context.filter.ExcludeFilterContextCustomizer@4078695f, org.springframework.boot.test.json.DuplicateJsonObjectContextCustomizerFactory$DuplicateJsonObjectContextCustomizer@3005db4a, org.springframework.boot.test.mock.mockito.MockitoContextCustomizer@175bd071], contextLoader = 'org.springframework.test.context.support.DelegatingSmartContextLoader', parent = [null]]]
20:10:12.338 [main] DEBUG org.springframework.test.context.cache - Spring test ApplicationContext cache statistics: [DefaultContextCache@3b2f4a93 size = 2, maxSize = 32, parentContextCount = 0, hitCount = 187, missCount = 24]
20:10:12.338 [main] DEBUG org.springframework.test.context.cache.DefaultCacheAwareContextLoaderDelegate - Retrieved ApplicationContext [323981046] from cache with key [[MergedContextConfiguration@ea04cab testClass = TopicControllerDiffblueTest, locations = '{}', classes = '{class hello.controller.TopicController}', contextInitializerClasses = '[]', activeProfiles = '{}', propertySourceLocations = '{}', propertySourceProperties = '{}', contextCustomizers = set[org.springframework.boot.test.context.filter.ExcludeFilterContextCustomizer@4078695f, org.springframework.boot.test.json.DuplicateJsonObjectContextCustomizerFactory$DuplicateJsonObjectContextCustomizer@3005db4a, org.springframework.boot.test.mock.mockito.MockitoContextCustomizer@175bd071], contextLoader = 'org.springframework.test.context.support.DelegatingSmartContextLoader', parent = [null]]]
20:10:12.338 [main] DEBUG org.springframework.test.context.cache - Spring test ApplicationContext cache statistics: [DefaultContextCache@3b2f4a93 size = 2, maxSize = 32, parentContextCount = 0, hitCount = 188, missCount = 24]
20:10:12.339 [main] DEBUG org.springframework.test.context.cache.DefaultCacheAwareContextLoaderDelegate - Retrieved ApplicationContext [323981046] from cache with key [[MergedContextConfiguration@ea04cab testClass = TopicControllerDiffblueTest, locations = '{}', classes = '{class hello.controller.TopicController}', contextInitializerClasses = '[]', activeProfiles = '{}', propertySourceLocations = '{}', propertySourceProperties = '{}', contextCustomizers = set[org.springframework.boot.test.context.filter.ExcludeFilterContextCustomizer@4078695f, org.springframework.boot.test.json.DuplicateJsonObjectContextCustomizerFactory$DuplicateJsonObjectContextCustomizer@3005db4a, org.springframework.boot.test.mock.mockito.MockitoContextCustomizer@175bd071], contextLoader = 'org.springframework.test.context.support.DelegatingSmartContextLoader', parent = [null]]]
20:10:12.339 [main] DEBUG org.springframework.test.context.cache - Spring test ApplicationContext cache statistics: [DefaultContextCache@3b2f4a93 size = 2, maxSize = 32, parentContextCount = 0, hitCount = 189, missCount = 24]
20:10:12.339 [main] DEBUG org.springframework.test.context.support.AbstractDirtiesContextTestExecutionListener - After test method: context [DefaultTestContext@29a33620 testClass = TopicControllerDiffblueTest, testInstance = hello.controller.TopicControllerDiffblueTest@5fcd1f0a, testMethod = testUpdateTopic@TopicControllerDiffblueTest, testException = [null], mergedContextConfiguration = [MergedContextConfiguration@ea04cab testClass = TopicControllerDiffblueTest, locations = '{}', classes = '{class hello.controller.TopicController}', contextInitializerClasses = '[]', activeProfiles = '{}', propertySourceLocations = '{}', propertySourceProperties = '{}', contextCustomizers = set[org.springframework.boot.test.context.filter.ExcludeFilterContextCustomizer@4078695f, org.springframework.boot.test.json.DuplicateJsonObjectContextCustomizerFactory$DuplicateJsonObjectContextCustomizer@3005db4a, org.springframework.boot.test.mock.mockito.MockitoContextCustomizer@175bd071], contextLoader = 'org.springframework.test.context.support.DelegatingSmartContextLoader', parent = [null]], attributes = map['org.springframework.test.context.event.ApplicationEventsTestExecutionListener.recordApplicationEvents' -> false]], class annotated with @DirtiesContext [false] with mode [null], method annotated with @DirtiesContext [false] with mode [null].
]]></system-out>
  </testcase>
  <testcase name="testAddTopic" classname="hello.controller.TopicControllerDiffblueTest" time="0.018">
    <system-out><![CDATA[20:10:12.340 [main] DEBUG org.springframework.test.context.cache.DefaultCacheAwareContextLoaderDelegate - Retrieved ApplicationContext [323981046] from cache with key [[MergedContextConfiguration@ea04cab testClass = TopicControllerDiffblueTest, locations = '{}', classes = '{class hello.controller.TopicController}', contextInitializerClasses = '[]', activeProfiles = '{}', propertySourceLocations = '{}', propertySourceProperties = '{}', contextCustomizers = set[org.springframework.boot.test.context.filter.ExcludeFilterContextCustomizer@4078695f, org.springframework.boot.test.json.DuplicateJsonObjectContextCustomizerFactory$DuplicateJsonObjectContextCustomizer@3005db4a, org.springframework.boot.test.mock.mockito.MockitoContextCustomizer@175bd071], contextLoader = 'org.springframework.test.context.support.DelegatingSmartContextLoader', parent = [null]]]
20:10:12.341 [main] DEBUG org.springframework.test.context.cache - Spring test ApplicationContext cache statistics: [DefaultContextCache@3b2f4a93 size = 2, maxSize = 32, parentContextCount = 0, hitCount = 190, missCount = 24]
20:10:12.341 [main] DEBUG org.springframework.test.context.support.DependencyInjectionTestExecutionListener - Performing dependency injection for test context [[DefaultTestContext@29a33620 testClass = TopicControllerDiffblueTest, testInstance = hello.controller.TopicControllerDiffblueTest@61cda923, testMethod = [null], testException = [null], mergedContextConfiguration = [MergedContextConfiguration@ea04cab testClass = TopicControllerDiffblueTest, locations = '{}', classes = '{class hello.controller.TopicController}', contextInitializerClasses = '[]', activeProfiles = '{}', propertySourceLocations = '{}', propertySourceProperties = '{}', contextCustomizers = set[org.springframework.boot.test.context.filter.ExcludeFilterContextCustomizer@4078695f, org.springframework.boot.test.json.DuplicateJsonObjectContextCustomizerFactory$DuplicateJsonObjectContextCustomizer@3005db4a, org.springframework.boot.test.mock.mockito.MockitoContextCustomizer@175bd071], contextLoader = 'org.springframework.test.context.support.DelegatingSmartContextLoader', parent = [null]], attributes = map['org.springframework.test.context.event.ApplicationEventsTestExecutionListener.recordApplicationEvents' -> false]]].
20:10:12.341 [main] DEBUG org.springframework.test.context.cache.DefaultCacheAwareContextLoaderDelegate - Retrieved ApplicationContext [323981046] from cache with key [[MergedContextConfiguration@ea04cab testClass = TopicControllerDiffblueTest, locations = '{}', classes = '{class hello.controller.TopicController}', contextInitializerClasses = '[]', activeProfiles = '{}', propertySourceLocations = '{}', propertySourceProperties = '{}', contextCustomizers = set[org.springframework.boot.test.context.filter.ExcludeFilterContextCustomizer@4078695f, org.springframework.boot.test.json.DuplicateJsonObjectContextCustomizerFactory$DuplicateJsonObjectContextCustomizer@3005db4a, org.springframework.boot.test.mock.mockito.MockitoContextCustomizer@175bd071], contextLoader = 'org.springframework.test.context.support.DelegatingSmartContextLoader', parent = [null]]]
20:10:12.341 [main] DEBUG org.springframework.test.context.cache - Spring test ApplicationContext cache statistics: [DefaultContextCache@3b2f4a93 size = 2, maxSize = 32, parentContextCount = 0, hitCount = 191, missCount = 24]
20:10:12.341 [main] DEBUG org.springframework.test.context.cache.DefaultCacheAwareContextLoaderDelegate - Retrieved ApplicationContext [323981046] from cache with key [[MergedContextConfiguration@ea04cab testClass = TopicControllerDiffblueTest, locations = '{}', classes = '{class hello.controller.TopicController}', contextInitializerClasses = '[]', activeProfiles = '{}', propertySourceLocations = '{}', propertySourceProperties = '{}', contextCustomizers = set[org.springframework.boot.test.context.filter.ExcludeFilterContextCustomizer@4078695f, org.springframework.boot.test.json.DuplicateJsonObjectContextCustomizerFactory$DuplicateJsonObjectContextCustomizer@3005db4a, org.springframework.boot.test.mock.mockito.MockitoContextCustomizer@175bd071], contextLoader = 'org.springframework.test.context.support.DelegatingSmartContextLoader', parent = [null]]]
20:10:12.341 [main] DEBUG org.springframework.test.context.cache - Spring test ApplicationContext cache statistics: [DefaultContextCache@3b2f4a93 size = 2, maxSize = 32, parentContextCount = 0, hitCount = 192, missCount = 24]
20:10:12.345 [main] DEBUG org.springframework.test.context.support.AbstractDirtiesContextTestExecutionListener - Before test method: context [DefaultTestContext@29a33620 testClass = TopicControllerDiffblueTest, testInstance = hello.controller.TopicControllerDiffblueTest@61cda923, testMethod = testAddTopic@TopicControllerDiffblueTest, testException = [null], mergedContextConfiguration = [MergedContextConfiguration@ea04cab testClass = TopicControllerDiffblueTest, locations = '{}', classes = '{class hello.controller.TopicController}', contextInitializerClasses = '[]', activeProfiles = '{}', propertySourceLocations = '{}', propertySourceProperties = '{}', contextCustomizers = set[org.springframework.boot.test.context.filter.ExcludeFilterContextCustomizer@4078695f, org.springframework.boot.test.json.DuplicateJsonObjectContextCustomizerFactory$DuplicateJsonObjectContextCustomizer@3005db4a, org.springframework.boot.test.mock.mockito.MockitoContextCustomizer@175bd071], contextLoader = 'org.springframework.test.context.support.DelegatingSmartContextLoader', parent = [null]], attributes = map['org.springframework.test.context.event.ApplicationEventsTestExecutionListener.recordApplicationEvents' -> false]], class annotated with @DirtiesContext [false] with mode [null], method annotated with @DirtiesContext [false] with mode [null].
20:10:12.345 [main] DEBUG org.springframework.test.context.cache.DefaultCacheAwareContextLoaderDelegate - Retrieved ApplicationContext [323981046] from cache with key [[MergedContextConfiguration@ea04cab testClass = TopicControllerDiffblueTest, locations = '{}', classes = '{class hello.controller.TopicController}', contextInitializerClasses = '[]', activeProfiles = '{}', propertySourceLocations = '{}', propertySourceProperties = '{}', contextCustomizers = set[org.springframework.boot.test.context.filter.ExcludeFilterContextCustomizer@4078695f, org.springframework.boot.test.json.DuplicateJsonObjectContextCustomizerFactory$DuplicateJsonObjectContextCustomizer@3005db4a, org.springframework.boot.test.mock.mockito.MockitoContextCustomizer@175bd071], contextLoader = 'org.springframework.test.context.support.DelegatingSmartContextLoader', parent = [null]]]
20:10:12.345 [main] DEBUG org.springframework.test.context.cache - Spring test ApplicationContext cache statistics: [DefaultContextCache@3b2f4a93 size = 2, maxSize = 32, parentContextCount = 0, hitCount = 193, missCount = 24]
20:10:12.345 [main] DEBUG org.springframework.test.context.cache.DefaultCacheAwareContextLoaderDelegate - Retrieved ApplicationContext [323981046] from cache with key [[MergedContextConfiguration@ea04cab testClass = TopicControllerDiffblueTest, locations = '{}', classes = '{class hello.controller.TopicController}', contextInitializerClasses = '[]', activeProfiles = '{}', propertySourceLocations = '{}', propertySourceProperties = '{}', contextCustomizers = set[org.springframework.boot.test.context.filter.ExcludeFilterContextCustomizer@4078695f, org.springframework.boot.test.json.DuplicateJsonObjectContextCustomizerFactory$DuplicateJsonObjectContextCustomizer@3005db4a, org.springframework.boot.test.mock.mockito.MockitoContextCustomizer@175bd071], contextLoader = 'org.springframework.test.context.support.DelegatingSmartContextLoader', parent = [null]]]
20:10:12.345 [main] DEBUG org.springframework.test.context.cache - Spring test ApplicationContext cache statistics: [DefaultContextCache@3b2f4a93 size = 2, maxSize = 32, parentContextCount = 0, hitCount = 194, missCount = 24]
20:10:12.345 [main] DEBUG org.springframework.test.context.cache.DefaultCacheAwareContextLoaderDelegate - Retrieved ApplicationContext [323981046] from cache with key [[MergedContextConfiguration@ea04cab testClass = TopicControllerDiffblueTest, locations = '{}', classes = '{class hello.controller.TopicController}', contextInitializerClasses = '[]', activeProfiles = '{}', propertySourceLocations = '{}', propertySourceProperties = '{}', contextCustomizers = set[org.springframework.boot.test.context.filter.ExcludeFilterContextCustomizer@4078695f, org.springframework.boot.test.json.DuplicateJsonObjectContextCustomizerFactory$DuplicateJsonObjectContextCustomizer@3005db4a, org.springframework.boot.test.mock.mockito.MockitoContextCustomizer@175bd071], contextLoader = 'org.springframework.test.context.support.DelegatingSmartContextLoader', parent = [null]]]
20:10:12.345 [main] DEBUG org.springframework.test.context.cache - Spring test ApplicationContext cache statistics: [DefaultContextCache@3b2f4a93 size = 2, maxSize = 32, parentContextCount = 0, hitCount = 195, missCount = 24]
20:10:12.353 [main] DEBUG _org.springframework.web.servlet.HandlerMapping.Mappings - 
	h.c.TopicController:
	{ [/topic]}: getAllTopics()
	{POST [/topic]}: addTopic(Topic)
	{PUT [/topic/{id}]}: updateTopic(String,Topic)
	{DELETE [/topic/{id}]}: deleteTopic(String)
	{ [/topic/minimum/length/{minLength}]}: filterMinimumLengthForId(Integer)
	{ [/topic/sort]}: sortTopicsWithID()
	{ [/topic/{id}]}: getTopicWithID(String)
20:10:12.354 [main] DEBUG org.springframework.web.servlet.mvc.method.annotation.RequestMappingHandlerMapping - 7 mappings in org.springframework.web.servlet.mvc.method.annotation.RequestMappingHandlerMapping
20:10:12.356 [main] DEBUG org.springframework.web.servlet.mvc.method.annotation.RequestMappingHandlerAdapter - ControllerAdvice beans: 0 @ModelAttribute, 0 @InitBinder, 1 RequestBodyAdvice, 1 ResponseBodyAdvice
20:10:12.357 [main] DEBUG org.springframework.web.servlet.mvc.method.annotation.ExceptionHandlerExceptionResolver - ControllerAdvice beans: 0 @ExceptionHandler, 1 ResponseBodyAdvice
20:10:12.357 [main] INFO org.springframework.mock.web.MockServletContext - Initializing Spring TestDispatcherServlet ''
20:10:12.357 [main] INFO org.springframework.test.web.servlet.TestDispatcherServlet - Initializing Servlet ''
20:10:12.357 [main] DEBUG org.springframework.test.web.servlet.TestDispatcherServlet - Detected AcceptHeaderLocaleResolver
20:10:12.357 [main] DEBUG org.springframework.test.web.servlet.TestDispatcherServlet - Detected FixedThemeResolver
20:10:12.357 [main] DEBUG org.springframework.test.web.servlet.TestDispatcherServlet - Detected org.springframework.web.servlet.view.DefaultRequestToViewNameTranslator@6048e26a
20:10:12.357 [main] DEBUG org.springframework.test.web.servlet.TestDispatcherServlet - Detected org.springframework.web.servlet.support.SessionFlashMapManager@50b93353
20:10:12.357 [main] DEBUG org.springframework.test.web.servlet.TestDispatcherServlet - enableLoggingRequestDetails='false': request parameters and headers will be masked to prevent unsafe logging of potentially sensitive data
20:10:12.357 [main] INFO org.springframework.test.web.servlet.TestDispatcherServlet - Completed initialization in 0 ms
20:10:12.357 [main] DEBUG org.springframework.test.web.servlet.TestDispatcherServlet - POST "/topic", parameters={}
20:10:12.359 [main] DEBUG org.springframework.web.servlet.mvc.method.annotation.RequestMappingHandlerMapping - Mapped to hello.controller.TopicController#addTopic(Topic)
20:10:12.361 [main] DEBUG org.springframework.web.servlet.mvc.method.annotation.RequestResponseBodyMethodProcessor - Read "application/json" to [hello.model.Topic@44286963]
20:10:12.361 [main] DEBUG org.springframework.web.servlet.mvc.method.annotation.RequestResponseBodyMethodProcessor - Using 'application/json', given [*/*] and supported [application/json, application/*+json]
20:10:12.361 [main] DEBUG org.springframework.web.servlet.mvc.method.annotation.RequestResponseBodyMethodProcessor - Nothing to write: null body
20:10:12.362 [main] DEBUG org.springframework.test.web.servlet.TestDispatcherServlet - Completed 200 OK
20:10:12.362 [main] DEBUG org.springframework.test.context.cache.DefaultCacheAwareContextLoaderDelegate - Retrieved ApplicationContext [323981046] from cache with key [[MergedContextConfiguration@ea04cab testClass = TopicControllerDiffblueTest, locations = '{}', classes = '{class hello.controller.TopicController}', contextInitializerClasses = '[]', activeProfiles = '{}', propertySourceLocations = '{}', propertySourceProperties = '{}', contextCustomizers = set[org.springframework.boot.test.context.filter.ExcludeFilterContextCustomizer@4078695f, org.springframework.boot.test.json.DuplicateJsonObjectContextCustomizerFactory$DuplicateJsonObjectContextCustomizer@3005db4a, org.springframework.boot.test.mock.mockito.MockitoContextCustomizer@175bd071], contextLoader = 'org.springframework.test.context.support.DelegatingSmartContextLoader', parent = [null]]]
20:10:12.362 [main] DEBUG org.springframework.test.context.cache - Spring test ApplicationContext cache statistics: [DefaultContextCache@3b2f4a93 size = 2, maxSize = 32, parentContextCount = 0, hitCount = 196, missCount = 24]
20:10:12.362 [main] DEBUG org.springframework.test.context.cache.DefaultCacheAwareContextLoaderDelegate - Retrieved ApplicationContext [323981046] from cache with key [[MergedContextConfiguration@ea04cab testClass = TopicControllerDiffblueTest, locations = '{}', classes = '{class hello.controller.TopicController}', contextInitializerClasses = '[]', activeProfiles = '{}', propertySourceLocations = '{}', propertySourceProperties = '{}', contextCustomizers = set[org.springframework.boot.test.context.filter.ExcludeFilterContextCustomizer@4078695f, org.springframework.boot.test.json.DuplicateJsonObjectContextCustomizerFactory$DuplicateJsonObjectContextCustomizer@3005db4a, org.springframework.boot.test.mock.mockito.MockitoContextCustomizer@175bd071], contextLoader = 'org.springframework.test.context.support.DelegatingSmartContextLoader', parent = [null]]]
20:10:12.362 [main] DEBUG org.springframework.test.context.cache - Spring test ApplicationContext cache statistics: [DefaultContextCache@3b2f4a93 size = 2, maxSize = 32, parentContextCount = 0, hitCount = 197, missCount = 24]
20:10:12.362 [main] DEBUG org.springframework.test.context.cache.DefaultCacheAwareContextLoaderDelegate - Retrieved ApplicationContext [323981046] from cache with key [[MergedContextConfiguration@ea04cab testClass = TopicControllerDiffblueTest, locations = '{}', classes = '{class hello.controller.TopicController}', contextInitializerClasses = '[]', activeProfiles = '{}', propertySourceLocations = '{}', propertySourceProperties = '{}', contextCustomizers = set[org.springframework.boot.test.context.filter.ExcludeFilterContextCustomizer@4078695f, org.springframework.boot.test.json.DuplicateJsonObjectContextCustomizerFactory$DuplicateJsonObjectContextCustomizer@3005db4a, org.springframework.boot.test.mock.mockito.MockitoContextCustomizer@175bd071], contextLoader = 'org.springframework.test.context.support.DelegatingSmartContextLoader', parent = [null]]]
20:10:12.362 [main] DEBUG org.springframework.test.context.cache - Spring test ApplicationContext cache statistics: [DefaultContextCache@3b2f4a93 size = 2, maxSize = 32, parentContextCount = 0, hitCount = 198, missCount = 24]
20:10:12.362 [main] DEBUG org.springframework.test.context.support.AbstractDirtiesContextTestExecutionListener - After test method: context [DefaultTestContext@29a33620 testClass = TopicControllerDiffblueTest, testInstance = hello.controller.TopicControllerDiffblueTest@61cda923, testMethod = testAddTopic@TopicControllerDiffblueTest, testException = [null], mergedContextConfiguration = [MergedContextConfiguration@ea04cab testClass = TopicControllerDiffblueTest, locations = '{}', classes = '{class hello.controller.TopicController}', contextInitializerClasses = '[]', activeProfiles = '{}', propertySourceLocations = '{}', propertySourceProperties = '{}', contextCustomizers = set[org.springframework.boot.test.context.filter.ExcludeFilterContextCustomizer@4078695f, org.springframework.boot.test.json.DuplicateJsonObjectContextCustomizerFactory$DuplicateJsonObjectContextCustomizer@3005db4a, org.springframework.boot.test.mock.mockito.MockitoContextCustomizer@175bd071], contextLoader = 'org.springframework.test.context.support.DelegatingSmartContextLoader', parent = [null]], attributes = map['org.springframework.test.context.event.ApplicationEventsTestExecutionListener.recordApplicationEvents' -> false]], class annotated with @DirtiesContext [false] with mode [null], method annotated with @DirtiesContext [false] with mode [null].
]]></system-out>
  </testcase>
  <testcase name="testSortTopicsWithID" classname="hello.controller.TopicControllerDiffblueTest" time="0.013">
    <system-out><![CDATA[20:10:12.363 [main] DEBUG org.springframework.test.context.cache.DefaultCacheAwareContextLoaderDelegate - Retrieved ApplicationContext [323981046] from cache with key [[MergedContextConfiguration@ea04cab testClass = TopicControllerDiffblueTest, locations = '{}', classes = '{class hello.controller.TopicController}', contextInitializerClasses = '[]', activeProfiles = '{}', propertySourceLocations = '{}', propertySourceProperties = '{}', contextCustomizers = set[org.springframework.boot.test.context.filter.ExcludeFilterContextCustomizer@4078695f, org.springframework.boot.test.json.DuplicateJsonObjectContextCustomizerFactory$DuplicateJsonObjectContextCustomizer@3005db4a, org.springframework.boot.test.mock.mockito.MockitoContextCustomizer@175bd071], contextLoader = 'org.springframework.test.context.support.DelegatingSmartContextLoader', parent = [null]]]
20:10:12.363 [main] DEBUG org.springframework.test.context.cache - Spring test ApplicationContext cache statistics: [DefaultContextCache@3b2f4a93 size = 2, maxSize = 32, parentContextCount = 0, hitCount = 199, missCount = 24]
20:10:12.363 [main] DEBUG org.springframework.test.context.support.DependencyInjectionTestExecutionListener - Performing dependency injection for test context [[DefaultTestContext@29a33620 testClass = TopicControllerDiffblueTest, testInstance = hello.controller.TopicControllerDiffblueTest@c8f97a7, testMethod = [null], testException = [null], mergedContextConfiguration = [MergedContextConfiguration@ea04cab testClass = TopicControllerDiffblueTest, locations = '{}', classes = '{class hello.controller.TopicController}', contextInitializerClasses = '[]', activeProfiles = '{}', propertySourceLocations = '{}', propertySourceProperties = '{}', contextCustomizers = set[org.springframework.boot.test.context.filter.ExcludeFilterContextCustomizer@4078695f, org.springframework.boot.test.json.DuplicateJsonObjectContextCustomizerFactory$DuplicateJsonObjectContextCustomizer@3005db4a, org.springframework.boot.test.mock.mockito.MockitoContextCustomizer@175bd071], contextLoader = 'org.springframework.test.context.support.DelegatingSmartContextLoader', parent = [null]], attributes = map['org.springframework.test.context.event.ApplicationEventsTestExecutionListener.recordApplicationEvents' -> false]]].
20:10:12.363 [main] DEBUG org.springframework.test.context.cache.DefaultCacheAwareContextLoaderDelegate - Retrieved ApplicationContext [323981046] from cache with key [[MergedContextConfiguration@ea04cab testClass = TopicControllerDiffblueTest, locations = '{}', classes = '{class hello.controller.TopicController}', contextInitializerClasses = '[]', activeProfiles = '{}', propertySourceLocations = '{}', propertySourceProperties = '{}', contextCustomizers = set[org.springframework.boot.test.context.filter.ExcludeFilterContextCustomizer@4078695f, org.springframework.boot.test.json.DuplicateJsonObjectContextCustomizerFactory$DuplicateJsonObjectContextCustomizer@3005db4a, org.springframework.boot.test.mock.mockito.MockitoContextCustomizer@175bd071], contextLoader = 'org.springframework.test.context.support.DelegatingSmartContextLoader', parent = [null]]]
20:10:12.363 [main] DEBUG org.springframework.test.context.cache - Spring test ApplicationContext cache statistics: [DefaultContextCache@3b2f4a93 size = 2, maxSize = 32, parentContextCount = 0, hitCount = 200, missCount = 24]
20:10:12.364 [main] DEBUG org.springframework.test.context.cache.DefaultCacheAwareContextLoaderDelegate - Retrieved ApplicationContext [323981046] from cache with key [[MergedContextConfiguration@ea04cab testClass = TopicControllerDiffblueTest, locations = '{}', classes = '{class hello.controller.TopicController}', contextInitializerClasses = '[]', activeProfiles = '{}', propertySourceLocations = '{}', propertySourceProperties = '{}', contextCustomizers = set[org.springframework.boot.test.context.filter.ExcludeFilterContextCustomizer@4078695f, org.springframework.boot.test.json.DuplicateJsonObjectContextCustomizerFactory$DuplicateJsonObjectContextCustomizer@3005db4a, org.springframework.boot.test.mock.mockito.MockitoContextCustomizer@175bd071], contextLoader = 'org.springframework.test.context.support.DelegatingSmartContextLoader', parent = [null]]]
20:10:12.364 [main] DEBUG org.springframework.test.context.cache - Spring test ApplicationContext cache statistics: [DefaultContextCache@3b2f4a93 size = 2, maxSize = 32, parentContextCount = 0, hitCount = 201, missCount = 24]
20:10:12.364 [main] DEBUG org.springframework.test.context.support.AbstractDirtiesContextTestExecutionListener - Before test method: context [DefaultTestContext@29a33620 testClass = TopicControllerDiffblueTest, testInstance = hello.controller.TopicControllerDiffblueTest@c8f97a7, testMethod = testSortTopicsWithID@TopicControllerDiffblueTest, testException = [null], mergedContextConfiguration = [MergedContextConfiguration@ea04cab testClass = TopicControllerDiffblueTest, locations = '{}', classes = '{class hello.controller.TopicController}', contextInitializerClasses = '[]', activeProfiles = '{}', propertySourceLocations = '{}', propertySourceProperties = '{}', contextCustomizers = set[org.springframework.boot.test.context.filter.ExcludeFilterContextCustomizer@4078695f, org.springframework.boot.test.json.DuplicateJsonObjectContextCustomizerFactory$DuplicateJsonObjectContextCustomizer@3005db4a, org.springframework.boot.test.mock.mockito.MockitoContextCustomizer@175bd071], contextLoader = 'org.springframework.test.context.support.DelegatingSmartContextLoader', parent = [null]], attributes = map['org.springframework.test.context.event.ApplicationEventsTestExecutionListener.recordApplicationEvents' -> false]], class annotated with @DirtiesContext [false] with mode [null], method annotated with @DirtiesContext [false] with mode [null].
20:10:12.365 [main] DEBUG org.springframework.test.context.cache.DefaultCacheAwareContextLoaderDelegate - Retrieved ApplicationContext [323981046] from cache with key [[MergedContextConfiguration@ea04cab testClass = TopicControllerDiffblueTest, locations = '{}', classes = '{class hello.controller.TopicController}', contextInitializerClasses = '[]', activeProfiles = '{}', propertySourceLocations = '{}', propertySourceProperties = '{}', contextCustomizers = set[org.springframework.boot.test.context.filter.ExcludeFilterContextCustomizer@4078695f, org.springframework.boot.test.json.DuplicateJsonObjectContextCustomizerFactory$DuplicateJsonObjectContextCustomizer@3005db4a, org.springframework.boot.test.mock.mockito.MockitoContextCustomizer@175bd071], contextLoader = 'org.springframework.test.context.support.DelegatingSmartContextLoader', parent = [null]]]
20:10:12.365 [main] DEBUG org.springframework.test.context.cache - Spring test ApplicationContext cache statistics: [DefaultContextCache@3b2f4a93 size = 2, maxSize = 32, parentContextCount = 0, hitCount = 202, missCount = 24]
20:10:12.365 [main] DEBUG org.springframework.test.context.cache.DefaultCacheAwareContextLoaderDelegate - Retrieved ApplicationContext [323981046] from cache with key [[MergedContextConfiguration@ea04cab testClass = TopicControllerDiffblueTest, locations = '{}', classes = '{class hello.controller.TopicController}', contextInitializerClasses = '[]', activeProfiles = '{}', propertySourceLocations = '{}', propertySourceProperties = '{}', contextCustomizers = set[org.springframework.boot.test.context.filter.ExcludeFilterContextCustomizer@4078695f, org.springframework.boot.test.json.DuplicateJsonObjectContextCustomizerFactory$DuplicateJsonObjectContextCustomizer@3005db4a, org.springframework.boot.test.mock.mockito.MockitoContextCustomizer@175bd071], contextLoader = 'org.springframework.test.context.support.DelegatingSmartContextLoader', parent = [null]]]
20:10:12.365 [main] DEBUG org.springframework.test.context.cache - Spring test ApplicationContext cache statistics: [DefaultContextCache@3b2f4a93 size = 2, maxSize = 32, parentContextCount = 0, hitCount = 203, missCount = 24]
20:10:12.365 [main] DEBUG org.springframework.test.context.cache.DefaultCacheAwareContextLoaderDelegate - Retrieved ApplicationContext [323981046] from cache with key [[MergedContextConfiguration@ea04cab testClass = TopicControllerDiffblueTest, locations = '{}', classes = '{class hello.controller.TopicController}', contextInitializerClasses = '[]', activeProfiles = '{}', propertySourceLocations = '{}', propertySourceProperties = '{}', contextCustomizers = set[org.springframework.boot.test.context.filter.ExcludeFilterContextCustomizer@4078695f, org.springframework.boot.test.json.DuplicateJsonObjectContextCustomizerFactory$DuplicateJsonObjectContextCustomizer@3005db4a, org.springframework.boot.test.mock.mockito.MockitoContextCustomizer@175bd071], contextLoader = 'org.springframework.test.context.support.DelegatingSmartContextLoader', parent = [null]]]
20:10:12.365 [main] DEBUG org.springframework.test.context.cache - Spring test ApplicationContext cache statistics: [DefaultContextCache@3b2f4a93 size = 2, maxSize = 32, parentContextCount = 0, hitCount = 204, missCount = 24]
20:10:12.367 [main] DEBUG _org.springframework.web.servlet.HandlerMapping.Mappings - 
	h.c.TopicController:
	{ [/topic]}: getAllTopics()
	{POST [/topic]}: addTopic(Topic)
	{PUT [/topic/{id}]}: updateTopic(String,Topic)
	{DELETE [/topic/{id}]}: deleteTopic(String)
	{ [/topic/minimum/length/{minLength}]}: filterMinimumLengthForId(Integer)
	{ [/topic/sort]}: sortTopicsWithID()
	{ [/topic/{id}]}: getTopicWithID(String)
20:10:12.368 [main] DEBUG org.springframework.web.servlet.mvc.method.annotation.RequestMappingHandlerMapping - 7 mappings in org.springframework.web.servlet.mvc.method.annotation.RequestMappingHandlerMapping
20:10:12.369 [main] DEBUG org.springframework.web.servlet.mvc.method.annotation.RequestMappingHandlerAdapter - ControllerAdvice beans: 0 @ModelAttribute, 0 @InitBinder, 1 RequestBodyAdvice, 1 ResponseBodyAdvice
20:10:12.370 [main] DEBUG org.springframework.web.servlet.mvc.method.annotation.ExceptionHandlerExceptionResolver - ControllerAdvice beans: 0 @ExceptionHandler, 1 ResponseBodyAdvice
20:10:12.370 [main] INFO org.springframework.mock.web.MockServletContext - Initializing Spring TestDispatcherServlet ''
20:10:12.370 [main] INFO org.springframework.test.web.servlet.TestDispatcherServlet - Initializing Servlet ''
20:10:12.370 [main] DEBUG org.springframework.test.web.servlet.TestDispatcherServlet - Detected AcceptHeaderLocaleResolver
20:10:12.370 [main] DEBUG org.springframework.test.web.servlet.TestDispatcherServlet - Detected FixedThemeResolver
20:10:12.370 [main] DEBUG org.springframework.test.web.servlet.TestDispatcherServlet - Detected org.springframework.web.servlet.view.DefaultRequestToViewNameTranslator@75d366c2
20:10:12.370 [main] DEBUG org.springframework.test.web.servlet.TestDispatcherServlet - Detected org.springframework.web.servlet.support.SessionFlashMapManager@8f40022
20:10:12.371 [main] DEBUG org.springframework.test.web.servlet.TestDispatcherServlet - enableLoggingRequestDetails='false': request parameters and headers will be masked to prevent unsafe logging of potentially sensitive data
20:10:12.371 [main] INFO org.springframework.test.web.servlet.TestDispatcherServlet - Completed initialization in 1 ms
20:10:12.371 [main] DEBUG org.springframework.test.web.servlet.TestDispatcherServlet - GET "/topic/sort", parameters={}
20:10:12.371 [main] DEBUG org.springframework.web.servlet.mvc.method.annotation.RequestMappingHandlerMapping - Mapped to hello.controller.TopicController#sortTopicsWithID()
20:10:12.375 [main] DEBUG org.springframework.web.servlet.mvc.method.annotation.RequestResponseBodyMethodProcessor - Using 'application/json', given [*/*] and supported [application/json, application/*+json]
20:10:12.375 [main] DEBUG org.springframework.web.servlet.mvc.method.annotation.RequestResponseBodyMethodProcessor - Writing [[]]
20:10:12.376 [main] DEBUG org.springframework.test.web.servlet.TestDispatcherServlet - Completed 200 OK
20:10:12.376 [main] DEBUG org.springframework.test.context.cache.DefaultCacheAwareContextLoaderDelegate - Retrieved ApplicationContext [323981046] from cache with key [[MergedContextConfiguration@ea04cab testClass = TopicControllerDiffblueTest, locations = '{}', classes = '{class hello.controller.TopicController}', contextInitializerClasses = '[]', activeProfiles = '{}', propertySourceLocations = '{}', propertySourceProperties = '{}', contextCustomizers = set[org.springframework.boot.test.context.filter.ExcludeFilterContextCustomizer@4078695f, org.springframework.boot.test.json.DuplicateJsonObjectContextCustomizerFactory$DuplicateJsonObjectContextCustomizer@3005db4a, org.springframework.boot.test.mock.mockito.MockitoContextCustomizer@175bd071], contextLoader = 'org.springframework.test.context.support.DelegatingSmartContextLoader', parent = [null]]]
20:10:12.376 [main] DEBUG org.springframework.test.context.cache - Spring test ApplicationContext cache statistics: [DefaultContextCache@3b2f4a93 size = 2, maxSize = 32, parentContextCount = 0, hitCount = 205, missCount = 24]
20:10:12.377 [main] DEBUG org.springframework.test.context.cache.DefaultCacheAwareContextLoaderDelegate - Retrieved ApplicationContext [323981046] from cache with key [[MergedContextConfiguration@ea04cab testClass = TopicControllerDiffblueTest, locations = '{}', classes = '{class hello.controller.TopicController}', contextInitializerClasses = '[]', activeProfiles = '{}', propertySourceLocations = '{}', propertySourceProperties = '{}', contextCustomizers = set[org.springframework.boot.test.context.filter.ExcludeFilterContextCustomizer@4078695f, org.springframework.boot.test.json.DuplicateJsonObjectContextCustomizerFactory$DuplicateJsonObjectContextCustomizer@3005db4a, org.springframework.boot.test.mock.mockito.MockitoContextCustomizer@175bd071], contextLoader = 'org.springframework.test.context.support.DelegatingSmartContextLoader', parent = [null]]]
20:10:12.377 [main] DEBUG org.springframework.test.context.cache - Spring test ApplicationContext cache statistics: [DefaultContextCache@3b2f4a93 size = 2, maxSize = 32, parentContextCount = 0, hitCount = 206, missCount = 24]
20:10:12.377 [main] DEBUG org.springframework.test.context.cache.DefaultCacheAwareContextLoaderDelegate - Retrieved ApplicationContext [323981046] from cache with key [[MergedContextConfiguration@ea04cab testClass = TopicControllerDiffblueTest, locations = '{}', classes = '{class hello.controller.TopicController}', contextInitializerClasses = '[]', activeProfiles = '{}', propertySourceLocations = '{}', propertySourceProperties = '{}', contextCustomizers = set[org.springframework.boot.test.context.filter.ExcludeFilterContextCustomizer@4078695f, org.springframework.boot.test.json.DuplicateJsonObjectContextCustomizerFactory$DuplicateJsonObjectContextCustomizer@3005db4a, org.springframework.boot.test.mock.mockito.MockitoContextCustomizer@175bd071], contextLoader = 'org.springframework.test.context.support.DelegatingSmartContextLoader', parent = [null]]]
20:10:12.377 [main] DEBUG org.springframework.test.context.cache - Spring test ApplicationContext cache statistics: [DefaultContextCache@3b2f4a93 size = 2, maxSize = 32, parentContextCount = 0, hitCount = 207, missCount = 24]
20:10:12.377 [main] DEBUG org.springframework.test.context.support.AbstractDirtiesContextTestExecutionListener - After test method: context [DefaultTestContext@29a33620 testClass = TopicControllerDiffblueTest, testInstance = hello.controller.TopicControllerDiffblueTest@c8f97a7, testMethod = testSortTopicsWithID@TopicControllerDiffblueTest, testException = [null], mergedContextConfiguration = [MergedContextConfiguration@ea04cab testClass = TopicControllerDiffblueTest, locations = '{}', classes = '{class hello.controller.TopicController}', contextInitializerClasses = '[]', activeProfiles = '{}', propertySourceLocations = '{}', propertySourceProperties = '{}', contextCustomizers = set[org.springframework.boot.test.context.filter.ExcludeFilterContextCustomizer@4078695f, org.springframework.boot.test.json.DuplicateJsonObjectContextCustomizerFactory$DuplicateJsonObjectContextCustomizer@3005db4a, org.springframework.boot.test.mock.mockito.MockitoContextCustomizer@175bd071], contextLoader = 'org.springframework.test.context.support.DelegatingSmartContextLoader', parent = [null]], attributes = map['org.springframework.test.context.event.ApplicationEventsTestExecutionListener.recordApplicationEvents' -> false]], class annotated with @DirtiesContext [false] with mode [null], method annotated with @DirtiesContext [false] with mode [null].
]]></system-out>
  </testcase>
  <testcase name="testGetAllTopics" classname="hello.controller.TopicControllerDiffblueTest" time="0.012">
    <system-out><![CDATA[20:10:12.380 [main] DEBUG org.springframework.test.context.cache.DefaultCacheAwareContextLoaderDelegate - Retrieved ApplicationContext [323981046] from cache with key [[MergedContextConfiguration@ea04cab testClass = TopicControllerDiffblueTest, locations = '{}', classes = '{class hello.controller.TopicController}', contextInitializerClasses = '[]', activeProfiles = '{}', propertySourceLocations = '{}', propertySourceProperties = '{}', contextCustomizers = set[org.springframework.boot.test.context.filter.ExcludeFilterContextCustomizer@4078695f, org.springframework.boot.test.json.DuplicateJsonObjectContextCustomizerFactory$DuplicateJsonObjectContextCustomizer@3005db4a, org.springframework.boot.test.mock.mockito.MockitoContextCustomizer@175bd071], contextLoader = 'org.springframework.test.context.support.DelegatingSmartContextLoader', parent = [null]]]
20:10:12.380 [main] DEBUG org.springframework.test.context.cache - Spring test ApplicationContext cache statistics: [DefaultContextCache@3b2f4a93 size = 2, maxSize = 32, parentContextCount = 0, hitCount = 208, missCount = 24]
20:10:12.380 [main] DEBUG org.springframework.test.context.support.DependencyInjectionTestExecutionListener - Performing dependency injection for test context [[DefaultTestContext@29a33620 testClass = TopicControllerDiffblueTest, testInstance = hello.controller.TopicControllerDiffblueTest@552cede7, testMethod = [null], testException = [null], mergedContextConfiguration = [MergedContextConfiguration@ea04cab testClass = TopicControllerDiffblueTest, locations = '{}', classes = '{class hello.controller.TopicController}', contextInitializerClasses = '[]', activeProfiles = '{}', propertySourceLocations = '{}', propertySourceProperties = '{}', contextCustomizers = set[org.springframework.boot.test.context.filter.ExcludeFilterContextCustomizer@4078695f, org.springframework.boot.test.json.DuplicateJsonObjectContextCustomizerFactory$DuplicateJsonObjectContextCustomizer@3005db4a, org.springframework.boot.test.mock.mockito.MockitoContextCustomizer@175bd071], contextLoader = 'org.springframework.test.context.support.DelegatingSmartContextLoader', parent = [null]], attributes = map['org.springframework.test.context.event.ApplicationEventsTestExecutionListener.recordApplicationEvents' -> false]]].
20:10:12.380 [main] DEBUG org.springframework.test.context.cache.DefaultCacheAwareContextLoaderDelegate - Retrieved ApplicationContext [323981046] from cache with key [[MergedContextConfiguration@ea04cab testClass = TopicControllerDiffblueTest, locations = '{}', classes = '{class hello.controller.TopicController}', contextInitializerClasses = '[]', activeProfiles = '{}', propertySourceLocations = '{}', propertySourceProperties = '{}', contextCustomizers = set[org.springframework.boot.test.context.filter.ExcludeFilterContextCustomizer@4078695f, org.springframework.boot.test.json.DuplicateJsonObjectContextCustomizerFactory$DuplicateJsonObjectContextCustomizer@3005db4a, org.springframework.boot.test.mock.mockito.MockitoContextCustomizer@175bd071], contextLoader = 'org.springframework.test.context.support.DelegatingSmartContextLoader', parent = [null]]]
20:10:12.380 [main] DEBUG org.springframework.test.context.cache - Spring test ApplicationContext cache statistics: [DefaultContextCache@3b2f4a93 size = 2, maxSize = 32, parentContextCount = 0, hitCount = 209, missCount = 24]
[...]
20:10:12.406 [main] DEBUG org.springframework.test.context.cache - Spring test ApplicationContext cache statistics: [DefaultContextCache@3b2f4a93 size = 2, maxSize = 32, parentContextCount = 0, hitCount = 224, missCount = 24]
20:10:12.407 [main] DEBUG org.springframework.test.context.cache.DefaultCacheAwareContextLoaderDelegate - Retrieved ApplicationContext [323981046] from cache with key [[MergedContextConfiguration@ea04cab testClass = TopicControllerDiffblueTest, locations = '{}', classes = '{class hello.controller.TopicController}', contextInitializerClasses = '[]', activeProfiles = '{}', propertySourceLocations = '{}', propertySourceProperties = '{}', contextCustomizers = set[org.springframework.boot.test.context.filter.ExcludeFilterContextCustomizer@4078695f, org.springframework.boot.test.json.DuplicateJsonObjectContextCustomizerFactory$DuplicateJsonObjectContextCustomizer@3005db4a, org.springframework.boot.test.mock.mockito.MockitoContextCustomizer@175bd071], contextLoader = 'org.springframework.test.context.support.DelegatingSmartContextLoader', parent = [null]]]
20:10:12.407 [main] DEBUG org.springframework.test.context.cache - Spring test ApplicationContext cache statistics: [DefaultContextCache@3b2f4a93 size = 2, maxSize = 32, parentContextCount = 0, hitCount = 225, missCount = 24]
20:10:12.407 [main] DEBUG org.springframework.test.context.support.AbstractDirtiesContextTestExecutionListener - After test method: context [DefaultTestContext@29a33620 testClass = TopicControllerDiffblueTest, testInstance = hello.controller.TopicControllerDiffblueTest@feb098f, testMethod = testFilterMinimumLengthForId@TopicControllerDiffblueTest, testException = [null], mergedContextConfiguration = [MergedContextConfiguration@ea04cab testClass = TopicControllerDiffblueTest, locations = '{}', classes = '{class hello.controller.TopicController}', contextInitializerClasses = '[]', activeProfiles = '{}', propertySourceLocations = '{}', propertySourceProperties = '{}', contextCustomizers = set[org.springframework.boot.test.context.filter.ExcludeFilterContextCustomizer@4078695f, org.springframework.boot.test.json.DuplicateJsonObjectContextCustomizerFactory$DuplicateJsonObjectContextCustomizer@3005db4a, org.springframework.boot.test.mock.mockito.MockitoContextCustomizer@175bd071], contextLoader = 'org.springframework.test.context.support.DelegatingSmartContextLoader', parent = [null]], attributes = map['org.springframework.test.context.event.ApplicationEventsTestExecutionListener.recordApplicationEvents' -> false]], class annotated with @DirtiesContext [false] with mode [null], method annotated with @DirtiesContext [false] with mode [null].
]]></system-out>
  </testcase>
  <testcase name="testGetTopicWithID" classname="hello.controller.TopicControllerDiffblueTest" time="0.016">
    <system-out><![CDATA[20:10:12.410 [main] DEBUG org.springframework.test.context.cache.DefaultCacheAwareContextLoaderDelegate - Retrieved ApplicationContext [323981046] from cache with key [[MergedContextConfiguration@ea04cab testClass = TopicControllerDiffblueTest, locations = '{}', classes = '{class hello.controller.TopicController}', contextInitializerClasses = '[]', activeProfiles = '{}', propertySourceLocations = '{}', propertySourceProperties = '{}', contextCustomizers = set[org.springframework.boot.test.context.filter.ExcludeFilterContextCustomizer@4078695f, org.springframework.boot.test.json.DuplicateJsonObjectContextCustomizerFactory$DuplicateJsonObjectContextCustomizer@3005db4a, org.springframework.boot.test.mock.mockito.MockitoContextCustomizer@175bd071], contextLoader = 'org.springframework.test.context.support.DelegatingSmartContextLoader', parent = [null]]]
20:10:12.410 [main] DEBUG org.springframework.test.context.cache - Spring test ApplicationContext cache statistics: [DefaultContextCache@3b2f4a93 size = 2, maxSize = 32, parentContextCount = 0, hitCount = 226, missCount = 24]
20:10:12.410 [main] DEBUG org.springframework.test.context.support.DependencyInjectionTestExecutionListener - Performing dependency injection for test context [[DefaultTestContext@29a33620 testClass = TopicControllerDiffblueTest, testInstance = hello.controller.TopicControllerDiffblueTest@59c500f7, testMethod = [null], testException = [null], mergedContextConfiguration = [MergedContextConfiguration@ea04cab testClass = TopicControllerDiffblueTest, locations = '{}', classes = '{class hello.controller.TopicController}', contextInitializerClasses = '[]', activeProfiles = '{}', propertySourceLocations = '{}', propertySourceProperties = '{}', contextCustomizers = set[org.springframework.boot.test.context.filter.ExcludeFilterContextCustomizer@4078695f, org.springframework.boot.test.json.DuplicateJsonObjectContextCustomizerFactory$DuplicateJsonObjectContextCustomizer@3005db4a, org.springframework.boot.test.mock.mockito.MockitoContextCustomizer@175bd071], contextLoader = 'org.springframework.test.context.support.DelegatingSmartContextLoader', parent = [null]], attributes = map['org.springframework.test.context.event.ApplicationEventsTestExecutionListener.recordApplicationEvents' -> false]]].
20:10:12.410 [main] DEBUG org.springframework.test.context.cache.DefaultCacheAwareContextLoaderDelegate - Retrieved ApplicationContext [323981046] from cache with key [[MergedContextConfiguration@ea04cab testClass = TopicControllerDiffblueTest, locations = '{}', classes = '{class hello.controller.TopicController}', contextInitializerClasses = '[]', activeProfiles = '{}', propertySourceLocations = '{}', propertySourceProperties = '{}', contextCustomizers = set[org.springframework.boot.test.context.filter.ExcludeFilterContextCustomizer@4078695f, org.springframework.boot.test.json.DuplicateJsonObjectContextCustomizerFactory$DuplicateJsonObjectContextCustomizer@3005db4a, org.springframework.boot.test.mock.mockito.MockitoContextCustomizer@175bd071], contextLoader = 'org.springframework.test.context.support.DelegatingSmartContextLoader', parent = [null]]]
20:10:12.410 [main] DEBUG org.springframework.test.context.cache - Spring test ApplicationContext cache statistics: [DefaultContextCache@3b2f4a93 size = 2, maxSize = 32, parentContextCount = 0, hitCount = 227, missCount = 24]
20:10:12.410 [main] DEBUG org.springframework.test.context.cache.DefaultCacheAwareContextLoaderDelegate - Retrieved ApplicationContext [323981046] from cache with key [[MergedContextConfiguration@ea04cab testClass = TopicControllerDiffblueTest, locations = '{}', classes = '{class hello.controller.TopicController}', contextInitializerClasses = '[]', activeProfiles = '{}', propertySourceLocations = '{}', propertySourceProperties = '{}', contextCustomizers = set[org.springframework.boot.test.context.filter.ExcludeFilterContextCustomizer@4078695f, org.springframework.boot.test.json.DuplicateJsonObjectContextCustomizerFactory$DuplicateJsonObjectContextCustomizer@3005db4a, org.springframework.boot.test.mock.mockito.MockitoContextCustomizer@175bd071], contextLoader = 'org.springframework.test.context.support.DelegatingSmartContextLoader', parent = [null]]]
20:10:12.410 [main] DEBUG org.springframework.test.context.cache - Spring test ApplicationContext cache statistics: [DefaultContextCache@3b2f4a93 size = 2, maxSize = 32, parentContextCount = 0, hitCount = 228, missCount = 24]
20:10:12.411 [main] DEBUG org.springframework.test.context.support.AbstractDirtiesContextTestExecutionListener - Before test method: context [DefaultTestContext@29a33620 testClass = TopicControllerDiffblueTest, testInstance = hello.controller.TopicControllerDiffblueTest@59c500f7, testMethod = testGetTopicWithID@TopicControllerDiffblueTest, testException = [null], mergedContextConfiguration = [MergedContextConfiguration@ea04cab testClass = TopicControllerDiffblueTest, locations = '{}', classes = '{class hello.controller.TopicController}', contextInitializerClasses = '[]', activeProfiles = '{}', propertySourceLocations = '{}', propertySourceProperties = '{}', contextCustomizers = set[org.springframework.boot.test.context.filter.ExcludeFilterContextCustomizer@4078695f, org.springframework.boot.test.json.DuplicateJsonObjectContextCustomizerFactory$DuplicateJsonObjectContextCustomizer@3005db4a, org.springframework.boot.test.mock.mockito.MockitoContextCustomizer@175bd071], contextLoader = 'org.springframework.test.context.support.DelegatingSmartContextLoader', parent = [null]], attributes = map['org.springframework.test.context.event.ApplicationEventsTestExecutionListener.recordApplicationEvents' -> false]], class annotated with @DirtiesContext [false] with mode [null], method annotated with @DirtiesContext [false] with mode [null].
20:10:12.411 [main] DEBUG org.springframework.test.context.cache.DefaultCacheAwareContextLoaderDelegate - Retrieved ApplicationContext [323981046] from cache with key [[MergedContextConfiguration@ea04cab testClass = TopicControllerDiffblueTest, locations = '{}', classes = '{class hello.controller.TopicController}', contextInitializerClasses = '[]', activeProfiles = '{}', propertySourceLocations = '{}', propertySourceProperties = '{}', contextCustomizers = set[org.springframework.boot.test.context.filter.ExcludeFilterContextCustomizer@4078695f, org.springframework.boot.test.json.DuplicateJsonObjectContextCustomizerFactory$DuplicateJsonObjectContextCustomizer@3005db4a, org.springframework.boot.test.mock.mockito.MockitoContextCustomizer@175bd071], contextLoader = 'org.springframework.test.context.support.DelegatingSmartContextLoader', parent = [null]]]
20:10:12.411 [main] DEBUG org.springframework.test.context.cache - Spring test ApplicationContext cache statistics: [DefaultContextCache@3b2f4a93 size = 2, maxSize = 32, parentContextCount = 0, hitCount = 229, missCount = 24]
20:10:12.411 [main] DEBUG org.springframework.test.context.cache.DefaultCacheAwareContextLoaderDelegate - Retrieved ApplicationContext [323981046] from cache with key [[MergedContextConfiguration@ea04cab testClass = TopicControllerDiffblueTest, locations = '{}', classes = '{class hello.controller.TopicController}', contextInitializerClasses = '[]', activeProfiles = '{}', propertySourceLocations = '{}', propertySourceProperties = '{}', contextCustomizers = set[org.springframework.boot.test.context.filter.ExcludeFilterContextCustomizer@4078695f, org.springframework.boot.test.json.DuplicateJsonObjectContextCustomizerFactory$DuplicateJsonObjectContextCustomizer@3005db4a, org.springframework.boot.test.mock.mockito.MockitoContextCustomizer@175bd071], contextLoader = 'org.springframework.test.context.support.DelegatingSmartContextLoader', parent = [null]]]
20:10:12.411 [main] DEBUG org.springframework.test.context.cache - Spring test ApplicationContext cache statistics: [DefaultContextCache@3b2f4a93 size = 2, maxSize = 32, parentContextCount = 0, hitCount = 230, missCount = 24]
20:10:12.412 [main] DEBUG org.springframework.test.context.cache.DefaultCacheAwareContextLoaderDelegate - Retrieved ApplicationContext [323981046] from cache with key [[MergedContextConfiguration@ea04cab testClass = TopicControllerDiffblueTest, locations = '{}', classes = '{class hello.controller.TopicController}', contextInitializerClasses = '[]', activeProfiles = '{}', propertySourceLocations = '{}', propertySourceProperties = '{}', contextCustomizers = set[org.springframework.boot.test.context.filter.ExcludeFilterContextCustomizer@4078695f, org.springframework.boot.test.json.DuplicateJsonObjectContextCustomizerFactory$DuplicateJsonObjectContextCustomizer@3005db4a, org.springframework.boot.test.mock.mockito.MockitoContextCustomizer@175bd071], contextLoader = 'org.springframework.test.context.support.DelegatingSmartContextLoader', parent = [null]]]
20:10:12.412 [main] DEBUG org.springframework.test.context.cache - Spring test ApplicationContext cache statistics: [DefaultContextCache@3b2f4a93 size = 2, maxSize = 32, parentContextCount = 0, hitCount = 231, missCount = 24]
20:10:12.415 [main] DEBUG _org.springframework.web.servlet.HandlerMapping.Mappings - 
	h.c.TopicController:
	{ [/topic]}: getAllTopics()
	{POST [/topic]}: addTopic(Topic)
	{PUT [/topic/{id}]}: updateTopic(String,Topic)
	{DELETE [/topic/{id}]}: deleteTopic(String)
	{ [/topic/minimum/length/{minLength}]}: filterMinimumLengthForId(Integer)
	{ [/topic/sort]}: sortTopicsWithID()
	{ [/topic/{id}]}: getTopicWithID(String)
20:10:12.415 [main] DEBUG org.springframework.web.servlet.mvc.method.annotation.RequestMappingHandlerMapping - 7 mappings in org.springframework.web.servlet.mvc.method.annotation.RequestMappingHandlerMapping
20:10:12.417 [main] DEBUG org.springframework.web.servlet.mvc.method.annotation.RequestMappingHandlerAdapter - ControllerAdvice beans: 0 @ModelAttribute, 0 @InitBinder, 1 RequestBodyAdvice, 1 ResponseBodyAdvice
20:10:12.418 [main] DEBUG org.springframework.web.servlet.mvc.method.annotation.ExceptionHandlerExceptionResolver - ControllerAdvice beans: 0 @ExceptionHandler, 1 ResponseBodyAdvice
20:10:12.418 [main] INFO org.springframework.mock.web.MockServletContext - Initializing Spring TestDispatcherServlet ''
20:10:12.418 [main] INFO org.springframework.test.web.servlet.TestDispatcherServlet - Initializing Servlet ''
20:10:12.418 [main] DEBUG org.springframework.test.web.servlet.TestDispatcherServlet - Detected AcceptHeaderLocaleResolver
20:10:12.418 [main] DEBUG org.springframework.test.web.servlet.TestDispatcherServlet - Detected FixedThemeResolver
20:10:12.418 [main] DEBUG org.springframework.test.web.servlet.TestDispatcherServlet - Detected org.springframework.web.servlet.view.DefaultRequestToViewNameTranslator@6661d8c0
20:10:12.418 [main] DEBUG org.springframework.test.web.servlet.TestDispatcherServlet - Detected org.springframework.web.servlet.support.SessionFlashMapManager@310b2b6f
20:10:12.418 [main] DEBUG org.springframework.test.web.servlet.TestDispatcherServlet - enableLoggingRequestDetails='false': request parameters and headers will be masked to prevent unsafe logging of potentially sensitive data
20:10:12.418 [main] INFO org.springframework.test.web.servlet.TestDispatcherServlet - Completed initialization in 0 ms
20:10:12.418 [main] DEBUG org.springframework.test.web.servlet.TestDispatcherServlet - GET "/topic/42", parameters={}
20:10:12.421 [main] DEBUG org.springframework.web.servlet.mvc.method.annotation.RequestMappingHandlerMapping - Mapped to hello.controller.TopicController#getTopicWithID(String)
20:10:12.423 [main] DEBUG org.springframework.web.servlet.mvc.method.annotation.RequestResponseBodyMethodProcessor - Using 'application/json', given [*/*] and supported [application/json, application/*+json]
20:10:12.423 [main] DEBUG org.springframework.web.servlet.mvc.method.annotation.RequestResponseBodyMethodProcessor - Writing [hello.model.Topic@6909f6be]
20:10:12.424 [main] DEBUG org.springframework.test.web.servlet.TestDispatcherServlet - Completed 200 OK
20:10:12.425 [main] DEBUG org.springframework.test.context.cache.DefaultCacheAwareContextLoaderDelegate - Retrieved ApplicationContext [323981046] from cache with key [[MergedContextConfiguration@ea04cab testClass = TopicControllerDiffblueTest, locations = '{}', classes = '{class hello.controller.TopicController}', contextInitializerClasses = '[]', activeProfiles = '{}', propertySourceLocations = '{}', propertySourceProperties = '{}', contextCustomizers = set[org.springframework.boot.test.context.filter.ExcludeFilterContextCustomizer@4078695f, org.springframework.boot.test.json.DuplicateJsonObjectContextCustomizerFactory$DuplicateJsonObjectContextCustomizer@3005db4a, org.springframework.boot.test.mock.mockito.MockitoContextCustomizer@175bd071], contextLoader = 'org.springframework.test.context.support.DelegatingSmartContextLoader', parent = [null]]]
20:10:12.425 [main] DEBUG org.springframework.test.context.cache - Spring test ApplicationContext cache statistics: [DefaultContextCache@3b2f4a93 size = 2, maxSize = 32, parentContextCount = 0, hitCount = 232, missCount = 24]
20:10:12.425 [main] DEBUG org.springframework.test.context.cache.DefaultCacheAwareContextLoaderDelegate - Retrieved ApplicationContext [323981046] from cache with key [[MergedContextConfiguration@ea04cab testClass = TopicControllerDiffblueTest, locations = '{}', classes = '{class hello.controller.TopicController}', contextInitializerClasses = '[]', activeProfiles = '{}', propertySourceLocations = '{}', propertySourceProperties = '{}', contextCustomizers = set[org.springframework.boot.test.context.filter.ExcludeFilterContextCustomizer@4078695f, org.springframework.boot.test.json.DuplicateJsonObjectContextCustomizerFactory$DuplicateJsonObjectContextCustomizer@3005db4a, org.springframework.boot.test.mock.mockito.MockitoContextCustomizer@175bd071], contextLoader = 'org.springframework.test.context.support.DelegatingSmartContextLoader', parent = [null]]]
20:10:12.425 [main] DEBUG org.springframework.test.context.cache - Spring test ApplicationContext cache statistics: [DefaultContextCache@3b2f4a93 size = 2, maxSize = 32, parentContextCount = 0, hitCount = 233, missCount = 24]
20:10:12.425 [main] DEBUG org.springframework.test.context.cache.DefaultCacheAwareContextLoaderDelegate - Retrieved ApplicationContext [323981046] from cache with key [[MergedContextConfiguration@ea04cab testClass = TopicControllerDiffblueTest, locations = '{}', classes = '{class hello.controller.TopicController}', contextInitializerClasses = '[]', activeProfiles = '{}', propertySourceLocations = '{}', propertySourceProperties = '{}', contextCustomizers = set[org.springframework.boot.test.context.filter.ExcludeFilterContextCustomizer@4078695f, org.springframework.boot.test.json.DuplicateJsonObjectContextCustomizerFactory$DuplicateJsonObjectContextCustomizer@3005db4a, org.springframework.boot.test.mock.mockito.MockitoContextCustomizer@175bd071], contextLoader = 'org.springframework.test.context.support.DelegatingSmartContextLoader', parent = [null]]]
20:10:12.425 [main] DEBUG org.springframework.test.context.cache - Spring test ApplicationContext cache statistics: [DefaultContextCache@3b2f4a93 size = 2, maxSize = 32, parentContextCount = 0, hitCount = 234, missCount = 24]
20:10:12.425 [main] DEBUG org.springframework.test.context.support.AbstractDirtiesContextTestExecutionListener - After test method: context [DefaultTestContext@29a33620 testClass = TopicControllerDiffblueTest, testInstance = hello.controller.TopicControllerDiffblueTest@59c500f7, testMethod = testGetTopicWithID@TopicControllerDiffblueTest, testException = [null], mergedContextConfiguration = [MergedContextConfiguration@ea04cab testClass = TopicControllerDiffblueTest, locations = '{}', classes = '{class hello.controller.TopicController}', contextInitializerClasses = '[]', activeProfiles = '{}', propertySourceLocations = '{}', propertySourceProperties = '{}', contextCustomizers = set[org.springframework.boot.test.context.filter.ExcludeFilterContextCustomizer@4078695f, org.springframework.boot.test.json.DuplicateJsonObjectContextCustomizerFactory$DuplicateJsonObjectContextCustomizer@3005db4a, org.springframework.boot.test.mock.mockito.MockitoContextCustomizer@175bd071], contextLoader = 'org.springframework.test.context.support.DelegatingSmartContextLoader', parent = [null]], attributes = map['org.springframework.test.context.event.ApplicationEventsTestExecutionListener.recordApplicationEvents' -> false]], class annotated with @DirtiesContext [false] with mode [null], method annotated with @DirtiesContext [false] with mode [null].
]]></system-out>
  </testcase>
</testsuite>